"2018-10-22 09:14:41 DEBUG o.s.w.c.s.StandardServletEnvironment - Adding PropertySource 'configurationProperties' with highest search precedence
""2018-10-22 09:14:41 DEBUG o.s.w.c.s.StandardServletEnvironment - Adding PropertySource 'servletConfigInitParams' with lowest search precedence
""2018-10-22 09:14:41 DEBUG o.s.w.c.s.StandardServletEnvironment - Adding PropertySource 'servletContextInitParams' with lowest search precedence
""2018-10-22 09:14:41 DEBUG o.s.w.c.s.StandardServletEnvironment - Adding PropertySource 'systemProperties' with lowest search precedence
""2018-10-22 09:14:41 DEBUG o.s.w.c.s.StandardServletEnvironment - Adding PropertySource 'systemEnvironment' with lowest search precedence
""2018-10-22 09:14:41 DEBUG o.s.w.c.s.StandardServletEnvironment - Initialized StandardServletEnvironment with PropertySources [StubPropertySource {name='servletConfigInitParams'}, StubPropertySource {name='servletContextInitParams'}, MapPropertySource {name='systemProperties'}, SystemEnvironmentPropertySource {name='systemEnvironment'}]
""2018-10-22 09:14:41 INFO  tma.datraining.WebSalesApplication - Starting WebSalesApplication on tvanthang with PID 16184 (started by phhanh in D:\New folder\WebSalesTemp)
""2018-10-22 09:14:41 INFO  tma.datraining.WebSalesApplication - No active profile set, falling back to default profiles: default
""2018-10-22 09:14:41 INFO  o.s.b.w.s.c.AnnotationConfigServletWebServerApplicationContext - Refreshing org.springframework.boot.web.servlet.context.AnnotationConfigServletWebServerApplicationContext@6e171cd7: startup date [Mon Oct 22 09:14:41 ICT 2018]; root of context hierarchy
""2018-10-22 09:14:46 INFO  o.s.d.r.c.RepositoryConfigurationDelegate - Multiple Spring Data modules found, entering strict repository configuration mode!
""2018-10-22 09:14:46 INFO  o.s.d.r.c.RepositoryConfigurationExtensionSupport - Spring Data Reactive Cassandra - Could not safely identify store assignment for repository candidate interface tma.datraining.repository.LocationRepository.
""2018-10-22 09:14:46 INFO  o.s.d.r.c.RepositoryConfigurationExtensionSupport - Spring Data Reactive Cassandra - Could not safely identify store assignment for repository candidate interface tma.datraining.repository.ProductRepository.
""2018-10-22 09:14:46 INFO  o.s.d.r.c.RepositoryConfigurationExtensionSupport - Spring Data Reactive Cassandra - Could not safely identify store assignment for repository candidate interface tma.datraining.repository.RoleRepository.
""2018-10-22 09:14:46 INFO  o.s.d.r.c.RepositoryConfigurationExtensionSupport - Spring Data Reactive Cassandra - Could not safely identify store assignment for repository candidate interface tma.datraining.repository.SalesRepository.
""2018-10-22 09:14:46 INFO  o.s.d.r.c.RepositoryConfigurationExtensionSupport - Spring Data Reactive Cassandra - Could not safely identify store assignment for repository candidate interface tma.datraining.repository.TimeRepository.
""2018-10-22 09:14:46 INFO  o.s.d.r.c.RepositoryConfigurationExtensionSupport - Spring Data Reactive Cassandra - Could not safely identify store assignment for repository candidate interface tma.datraining.repository.UserRepository.
""2018-10-22 09:14:46 INFO  o.s.d.r.c.RepositoryConfigurationExtensionSupport - Spring Data Reactive Cassandra - Could not safely identify store assignment for repository candidate interface tma.datraining.repository.UserRoleRepository.
""2018-10-22 09:14:46 INFO  o.s.d.r.c.RepositoryConfigurationDelegate - Multiple Spring Data modules found, entering strict repository configuration mode!
""2018-10-22 09:14:46 INFO  o.s.d.r.c.RepositoryConfigurationExtensionSupport - Spring Data Cassandra - Could not safely identify store assignment for repository candidate interface tma.datraining.repository.LocationRepository.
""2018-10-22 09:14:46 INFO  o.s.d.r.c.RepositoryConfigurationExtensionSupport - Spring Data Cassandra - Could not safely identify store assignment for repository candidate interface tma.datraining.repository.ProductRepository.
""2018-10-22 09:14:46 INFO  o.s.d.r.c.RepositoryConfigurationExtensionSupport - Spring Data Cassandra - Could not safely identify store assignment for repository candidate interface tma.datraining.repository.RoleRepository.
""2018-10-22 09:14:46 INFO  o.s.d.r.c.RepositoryConfigurationExtensionSupport - Spring Data Cassandra - Could not safely identify store assignment for repository candidate interface tma.datraining.repository.SalesRepository.
""2018-10-22 09:14:46 INFO  o.s.d.r.c.RepositoryConfigurationExtensionSupport - Spring Data Cassandra - Could not safely identify store assignment for repository candidate interface tma.datraining.repository.TimeRepository.
""2018-10-22 09:14:46 INFO  o.s.d.r.c.RepositoryConfigurationExtensionSupport - Spring Data Cassandra - Could not safely identify store assignment for repository candidate interface tma.datraining.repository.UserRepository.
""2018-10-22 09:14:46 INFO  o.s.d.r.c.RepositoryConfigurationExtensionSupport - Spring Data Cassandra - Could not safely identify store assignment for repository candidate interface tma.datraining.repository.UserRoleRepository.
""2018-10-22 09:14:46 INFO  o.s.d.r.c.RepositoryConfigurationDelegate - Multiple Spring Data modules found, entering strict repository configuration mode!
""2018-10-22 09:14:46 INFO  o.s.d.r.c.RepositoryConfigurationExtensionSupport - Spring Data JPA - Could not safely identify store assignment for repository candidate interface tma.datraining.repository.cassandra.CassLocationRepo.
""2018-10-22 09:14:46 INFO  o.s.d.r.c.RepositoryConfigurationExtensionSupport - Spring Data JPA - Could not safely identify store assignment for repository candidate interface tma.datraining.repository.cassandra.CassProductRepo.
""2018-10-22 09:14:46 INFO  o.s.d.r.c.RepositoryConfigurationExtensionSupport - Spring Data JPA - Could not safely identify store assignment for repository candidate interface tma.datraining.repository.cassandra.CassSalesRepo.
""2018-10-22 09:14:46 INFO  o.s.d.r.c.RepositoryConfigurationExtensionSupport - Spring Data JPA - Could not safely identify store assignment for repository candidate interface tma.datraining.repository.cassandra.CassTimeRepo.
""2018-10-22 09:14:47 DEBUG o.s.w.c.s.StandardServletEnvironment - Removing PropertySource 'defaultProperties'
""2018-10-22 09:14:48 INFO  o.s.c.s.PostProcessorRegistrationDelegate$BeanPostProcessorChecker - Bean 'org.springframework.transaction.annotation.ProxyTransactionManagementConfiguration' of type [org.springframework.transaction.annotation.ProxyTransactionManagementConfiguration$$EnhancerBySpringCGLIB$$3e693d3] is not eligible for getting processed by all BeanPostProcessors (for example: not eligible for auto-proxying)
""2018-10-22 09:14:48 INFO  o.s.c.s.PostProcessorRegistrationDelegate$BeanPostProcessorChecker - Bean 'org.springframework.security.config.annotation.configuration.ObjectPostProcessorConfiguration' of type [org.springframework.security.config.annotation.configuration.ObjectPostProcessorConfiguration$$EnhancerBySpringCGLIB$$9c945c0d] is not eligible for getting processed by all BeanPostProcessors (for example: not eligible for auto-proxying)
""2018-10-22 09:14:48 INFO  o.s.c.s.PostProcessorRegistrationDelegate$BeanPostProcessorChecker - Bean 'objectPostProcessor' of type [org.springframework.security.config.annotation.configuration.AutowireBeanFactoryObjectPostProcessor] is not eligible for getting processed by all BeanPostProcessors (for example: not eligible for auto-proxying)
""2018-10-22 09:14:48 INFO  o.s.c.s.PostProcessorRegistrationDelegate$BeanPostProcessorChecker - Bean 'org.springframework.security.access.expression.method.DefaultMethodSecurityExpressionHandler@703feacd' of type [org.springframework.security.access.expression.method.DefaultMethodSecurityExpressionHandler] is not eligible for getting processed by all BeanPostProcessors (for example: not eligible for auto-proxying)
""2018-10-22 09:14:48 INFO  o.s.c.s.PostProcessorRegistrationDelegate$BeanPostProcessorChecker - Bean 'org.springframework.security.config.annotation.method.configuration.GlobalMethodSecurityConfiguration' of type [org.springframework.security.config.annotation.method.configuration.GlobalMethodSecurityConfiguration$$EnhancerBySpringCGLIB$$c168febf] is not eligible for getting processed by all BeanPostProcessors (for example: not eligible for auto-proxying)
""2018-10-22 09:14:48 INFO  o.s.c.s.PostProcessorRegistrationDelegate$BeanPostProcessorChecker - Bean 'methodSecurityMetadataSource' of type [org.springframework.security.access.method.DelegatingMethodSecurityMetadataSource] is not eligible for getting processed by all BeanPostProcessors (for example: not eligible for auto-proxying)
""2018-10-22 09:14:50 INFO  o.s.b.w.e.tomcat.TomcatWebServer - Tomcat initialized with port(s): 8080 (http)
""2018-10-22 09:14:50 INFO  o.a.catalina.core.StandardService - Starting service [Tomcat]
""2018-10-22 09:14:50 INFO  o.a.catalina.core.StandardEngine - Starting Servlet Engine: Apache Tomcat/8.5.34
""2018-10-22 09:14:50 INFO  o.a.c.core.AprLifecycleListener - The APR based Apache Tomcat Native library which allows optimal performance in production environments was not found on the java.library.path: [C:\Program Files\Java\jdk1.8.0_181\bin;C:\windows\Sun\Java\bin;C:\windows\system32;C:\windows;C:/Program Files/Java/jre1.8.0_181/bin/server;C:/Program Files/Java/jre1.8.0_181/bin;C:/Program Files/Java/jre1.8.0_181/lib/amd64;C:\Program Files (x86)\Common Files\Oracle\Java\javapath;C:\windows\system32;C:\windows;C:\windows\System32\Wbem;C:\windows\System32\WindowsPowerShell\v1.0\;C:\Program Files\nodejs\;C:\Program Files (x86)\Microsoft SQL Server\Client SDK\ODBC\130\Tools\Binn\;C:\Program Files (x86)\Microsoft SQL Server\140\Tools\Binn\;C:\Program Files (x86)\Microsoft SQL Server\140\DTS\Binn\;C:\Program Files (x86)\Microsoft SQL Server\140\Tools\Binn\ManagementStudio\;C:\Program Files\Microsoft SQL Server\140\Tools\Binn\;C:\Program Files\Microsoft SQL Server\140\DTS\Binn\;C:\Program Files\Microsoft SQL Server\Client SDK\ODBC\130\Tools\Binn\;C:\Program Files (x86)\MySQL\MySQL Fabric 1.5 & MySQL Utilities 1.5\;C:\Program Files\python2.7;C:\Program Files (x86)\MySQL\MySQL Fabric 1.5 & MySQL Utilities 1.5\Doctrine extensions for PHP\;C:\Program Files\Microsoft SQL Server\130\Tools\Binn\;C:\Program Files\dotnet\;C:\Program Files\Anaconda3;C:\Program Files\Anaconda3\Scripts;C:\Program Files\Anaconda3\Library\bin;C:\Program Files\Git\cmd;C:\Program Files (x86)\GtkSharp\2.12\bin;C:\Program Files\TortoiseSVN\bin;C:\Program Files\Java\jdk1.8.0_181\bin;D:\Maven\apache-maven-3.5.4\bin;C:\Users\phhanh\AppData\Local\Microsoft\WindowsApps;C:\Program Files\Java\jdk1.8.0_181\bin;D:\Maven\apache-maven-3.5.4\bin;C:\Users\phhanh\AppData\Local\GitHubDesktop\bin;C:\Program Files\python2.7;D:\apache-cassandra-3.11.3\bin;;C:\Users\phhanh\Downloads\eclipse-jee-photon-R-win32-x86_64\eclipse;;.]
""2018-10-22 09:14:50 INFO  o.a.c.c.C.[Tomcat].[localhost].[/] - Initializing Spring embedded WebApplicationContext
""2018-10-22 09:14:50 DEBUG o.s.web.context.ContextLoader - Published root WebApplicationContext as ServletContext attribute with name [org.springframework.web.context.WebApplicationContext.ROOT]
""2018-10-22 09:14:50 INFO  o.s.web.context.ContextLoader - Root WebApplicationContext: initialization completed in 9079 ms
""2018-10-22 09:14:50 INFO  o.s.b.w.s.FilterRegistrationBean - Mapping filter: 'characterEncodingFilter' to: [/*]
""2018-10-22 09:14:50 INFO  o.s.b.w.s.FilterRegistrationBean - Mapping filter: 'hiddenHttpMethodFilter' to: [/*]
""2018-10-22 09:14:50 INFO  o.s.b.w.s.FilterRegistrationBean - Mapping filter: 'httpPutFormContentFilter' to: [/*]
""2018-10-22 09:14:50 INFO  o.s.b.w.s.FilterRegistrationBean - Mapping filter: 'requestContextFilter' to: [/*]
""2018-10-22 09:14:50 INFO  o.s.b.w.s.DelegatingFilterProxyRegistrationBean - Mapping filter: 'springSecurityFilterChain' to: [/*]
""2018-10-22 09:14:50 INFO  o.s.b.w.s.ServletRegistrationBean - Servlet dispatcherServlet mapped to [/]
""2018-10-22 09:14:50 DEBUG o.s.w.c.s.StandardServletEnvironment - Replacing PropertySource 'servletContextInitParams' with 'servletContextInitParams'
""2018-10-22 09:14:51 INFO  com.zaxxer.hikari.HikariDataSource - HikariPool-1 - Starting...
""2018-10-22 09:14:51 INFO  com.zaxxer.hikari.HikariDataSource - HikariPool-1 - Start completed.
""2018-10-22 09:14:52 INFO  o.s.o.j.LocalContainerEntityManagerFactoryBean - Building JPA container EntityManagerFactory for persistence unit 'default'
""2018-10-22 09:14:52 INFO  o.h.jpa.internal.util.LogHelper - HHH000204: Processing PersistenceUnitInfo [
	name: default
	...]
""2018-10-22 09:14:54 INFO  org.hibernate.Version - HHH000412: Hibernate Core {5.2.17.Final}
""2018-10-22 09:14:54 INFO  org.hibernate.cfg.Environment - HHH000206: hibernate.properties not found
""2018-10-22 09:14:54 INFO  o.h.annotations.common.Version - HCANN000001: Hibernate Commons Annotations {5.0.1.Final}
""2018-10-22 09:14:56 INFO  org.hibernate.dialect.Dialect - HHH000400: Using dialect: org.hibernate.dialect.PostgreSQLDialect
""2018-10-22 09:14:57 INFO  o.h.e.j.e.i.LobCreatorBuilderImpl - HHH000421: Disabling contextual LOB creation as hibernate.jdbc.lob.non_contextual_creation is true
""2018-10-22 09:14:57 INFO  org.hibernate.type.BasicTypeRegistry - HHH000270: Type registration [java.util.UUID] overrides previous : org.hibernate.type.UUIDBinaryType@3481ff98
""2018-10-22 09:15:03 INFO  o.s.o.j.LocalContainerEntityManagerFactoryBean - Initialized JPA EntityManagerFactory for persistence unit 'default'
""2018-10-22 09:15:06 INFO  c.d.driver.core.GuavaCompatibility - Detected Guava >= 19 in the classpath, using modern compatibility layer
""2018-10-22 09:15:06 INFO  com.datastax.driver.core.Native - Could not load JNR C Library, native system calls through this library will not be available (set this logger level to DEBUG to see the full stack trace).
""2018-10-22 09:15:06 INFO  c.datastax.driver.core.ClockFactory - Using java.lang.System clock to generate timestamps.
""2018-10-22 09:15:07 INFO  com.datastax.driver.core.NettyUtil - Did not find Netty's native epoll transport in the classpath, defaulting to NIO.
""2018-10-22 09:15:08 WARN  com.datastax.driver.core.Cluster - You listed localhost/0:0:0:0:0:0:0:1:9042 in your contact points, but it wasn't found in the control host's system.peers at startup
""2018-10-22 09:15:09 INFO  c.d.d.c.p.DCAwareRoundRobinPolicy - Using data-center name 'datacenter1' for DCAwareRoundRobinPolicy (if this is incorrect, please provide the correct datacenter name with DCAwareRoundRobinPolicy constructor)
""2018-10-22 09:15:09 INFO  com.datastax.driver.core.Cluster - New Cassandra host localhost/127.0.0.1:9042 added
""2018-10-22 09:15:10 INFO  o.s.s.web.DefaultSecurityFilterChain - Creating filter chain: org.springframework.security.web.util.matcher.AnyRequestMatcher@1, [org.springframework.security.web.context.request.async.WebAsyncManagerIntegrationFilter@7c206b14, org.springframework.security.web.context.SecurityContextPersistenceFilter@24f177f5, org.springframework.security.web.header.HeaderWriterFilter@75d539b9, org.springframework.security.web.authentication.logout.LogoutFilter@35fb3209, org.springframework.security.web.authentication.UsernamePasswordAuthenticationFilter@69f69078, org.springframework.security.web.authentication.www.BasicAuthenticationFilter@71316cd7, org.springframework.security.web.savedrequest.RequestCacheAwareFilter@6ed691fd, org.springframework.security.web.servletapi.SecurityContextHolderAwareRequestFilter@6f4d2294, org.springframework.security.web.authentication.rememberme.RememberMeAuthenticationFilter@1cdd31a4, org.springframework.security.web.authentication.AnonymousAuthenticationFilter@2b8cf049, org.springframework.security.web.session.SessionManagementFilter@210c1b9d, org.springframework.security.web.access.ExceptionTranslationFilter@70ecf57b, org.springframework.security.web.access.intercept.FilterSecurityInterceptor@6282f1eb]
""2018-10-22 09:15:10 INFO  o.s.w.s.h.SimpleUrlHandlerMapping - Mapped URL path [/**/favicon.ico] onto handler of type [class org.springframework.web.servlet.resource.ResourceHttpRequestHandler]
""2018-10-22 09:15:11 INFO  o.s.w.s.m.m.a.RequestMappingHandlerAdapter - Looking for @ControllerAdvice: org.springframework.boot.web.servlet.context.AnnotationConfigServletWebServerApplicationContext@6e171cd7: startup date [Mon Oct 22 09:14:41 ICT 2018]; root of context hierarchy
""2018-10-22 09:15:11 WARN  o.s.b.a.o.j.JpaBaseConfiguration$JpaWebConfiguration$JpaWebMvcConfiguration - spring.jpa.open-in-view is enabled by default. Therefore, database queries may be performed during view rendering. Explicitly configure spring.jpa.open-in-view to disable this warning
""2018-10-22 09:15:11 DEBUG o.s.w.s.m.m.a.RequestMappingHandlerMapping - Looking for request mappings in application context: org.springframework.boot.web.servlet.context.AnnotationConfigServletWebServerApplicationContext@6e171cd7: startup date [Mon Oct 22 09:14:41 ICT 2018]; root of context hierarchy
""2018-10-22 09:15:11 DEBUG o.s.w.s.m.m.a.RequestMappingHandlerMapping - 6 request handler methods found on class tma.datraining.controller.LocationController: {public tma.datraining.dto.LocationDTO tma.datraining.controller.LocationController.getLocation(java.lang.String)={[/location/{locationId}],methods=[GET],produces=[application/json || application/xml]}, public java.util.List tma.datraining.controller.LocationController.getConvertLocations()={[/location/convert],methods=[GET],produces=[application/json || application/xml]}, public java.util.List tma.datraining.controller.LocationController.getLocations()={[/location/list],methods=[GET],produces=[application/json || application/xml]}, public tma.datraining.dto.LocationDTO tma.datraining.controller.LocationController.saveLocation(tma.datraining.dto.LocationDTO,java.security.Principal)={[/location/add],methods=[POST],produces=[application/json || application/xml]}, public tma.datraining.dto.LocationDTO tma.datraining.controller.LocationController.updateLocation(tma.datraining.dto.LocationDTO,java.security.Principal)={[/location/update],methods=[PUT],produces=[application/json || application/xml]}, public java.lang.String tma.datraining.controller.LocationController.deleteLocation(java.lang.String,java.security.Principal)={[/location/delete/{locationId}],methods=[DELETE],produces=[application/json || application/xml]}}
""2018-10-22 09:15:11 INFO  o.s.w.s.m.m.a.RequestMappingHandlerMapping - Mapped "{[/location/{locationId}],methods=[GET],produces=[application/json || application/xml]}" onto public tma.datraining.dto.LocationDTO tma.datraining.controller.LocationController.getLocation(java.lang.String)
""2018-10-22 09:15:11 INFO  o.s.w.s.m.m.a.RequestMappingHandlerMapping - Mapped "{[/location/convert],methods=[GET],produces=[application/json || application/xml]}" onto public java.util.List<tma.datraining.dto.LocationDTO> tma.datraining.controller.LocationController.getConvertLocations()
""2018-10-22 09:15:11 INFO  o.s.w.s.m.m.a.RequestMappingHandlerMapping - Mapped "{[/location/list],methods=[GET],produces=[application/json || application/xml]}" onto public java.util.List<tma.datraining.dto.LocationDTO> tma.datraining.controller.LocationController.getLocations()
""2018-10-22 09:15:11 INFO  o.s.w.s.m.m.a.RequestMappingHandlerMapping - Mapped "{[/location/add],methods=[POST],produces=[application/json || application/xml]}" onto public tma.datraining.dto.LocationDTO tma.datraining.controller.LocationController.saveLocation(tma.datraining.dto.LocationDTO,java.security.Principal)
""2018-10-22 09:15:11 INFO  o.s.w.s.m.m.a.RequestMappingHandlerMapping - Mapped "{[/location/update],methods=[PUT],produces=[application/json || application/xml]}" onto public tma.datraining.dto.LocationDTO tma.datraining.controller.LocationController.updateLocation(tma.datraining.dto.LocationDTO,java.security.Principal)
""2018-10-22 09:15:11 INFO  o.s.w.s.m.m.a.RequestMappingHandlerMapping - Mapped "{[/location/delete/{locationId}],methods=[DELETE],produces=[application/json || application/xml]}" onto public java.lang.String tma.datraining.controller.LocationController.deleteLocation(java.lang.String,java.security.Principal)
""2018-10-22 09:15:11 DEBUG o.s.w.s.m.m.a.RequestMappingHandlerMapping - 1 request handler methods found on class tma.datraining.controller.MainController: {public java.lang.String tma.datraining.controller.MainController.getMainPage()={[/home]}}
""2018-10-22 09:15:11 INFO  o.s.w.s.m.m.a.RequestMappingHandlerMapping - Mapped "{[/home]}" onto public java.lang.String tma.datraining.controller.MainController.getMainPage()
""2018-10-22 09:15:11 DEBUG o.s.w.s.m.m.a.RequestMappingHandlerMapping - 7 request handler methods found on class tma.datraining.controller.ProductController: {public java.util.List tma.datraining.controller.ProductController.getProductByClass(java.lang.String)={[/product/class/{classProduct}],methods=[GET],produces=[application/json || application/xml]}, public tma.datraining.dto.ProductDTO tma.datraining.controller.ProductController.updateProduct(tma.datraining.dto.ProductDTO,java.security.Principal)={[/product/update],methods=[PUT],produces=[application/json || application/xml]}, public java.lang.String tma.datraining.controller.ProductController.deleteProduct(java.lang.String,java.security.Principal)={[/product/delete/{productId}],methods=[DELETE],produces=[application/json || application/xml]}, public java.util.List tma.datraining.controller.ProductController.convertToProduct()={[/product/convert],methods=[GET],produces=[application/json || application/xml]}, public java.util.List tma.datraining.controller.ProductController.getProducts()={[/product/list],methods=[GET],produces=[application/json || application/xml]}, public tma.datraining.dto.ProductDTO tma.datraining.controller.ProductController.addProduct(tma.datraining.dto.ProductDTO,java.security.Principal) throws java.net.URISyntaxException={[/product/add],methods=[POST],produces=[application/json || application/xml]}, public org.springframework.http.ResponseEntity tma.datraining.controller.ProductController.getProduct(java.lang.String)={[/product/{productId}],methods=[GET],produces=[application/json || application/xml]}}
""2018-10-22 09:15:11 INFO  o.s.w.s.m.m.a.RequestMappingHandlerMapping - Mapped "{[/product/class/{classProduct}],methods=[GET],produces=[application/json || application/xml]}" onto public java.util.List<tma.datraining.dto.ProductDTO> tma.datraining.controller.ProductController.getProductByClass(java.lang.String)
""2018-10-22 09:15:11 INFO  o.s.w.s.m.m.a.RequestMappingHandlerMapping - Mapped "{[/product/update],methods=[PUT],produces=[application/json || application/xml]}" onto public tma.datraining.dto.ProductDTO tma.datraining.controller.ProductController.updateProduct(tma.datraining.dto.ProductDTO,java.security.Principal)
""2018-10-22 09:15:11 INFO  o.s.w.s.m.m.a.RequestMappingHandlerMapping - Mapped "{[/product/delete/{productId}],methods=[DELETE],produces=[application/json || application/xml]}" onto public java.lang.String tma.datraining.controller.ProductController.deleteProduct(java.lang.String,java.security.Principal)
""2018-10-22 09:15:11 INFO  o.s.w.s.m.m.a.RequestMappingHandlerMapping - Mapped "{[/product/convert],methods=[GET],produces=[application/json || application/xml]}" onto public java.util.List<tma.datraining.dto.ProductDTO> tma.datraining.controller.ProductController.convertToProduct()
""2018-10-22 09:15:11 INFO  o.s.w.s.m.m.a.RequestMappingHandlerMapping - Mapped "{[/product/list],methods=[GET],produces=[application/json || application/xml]}" onto public java.util.List<tma.datraining.dto.ProductDTO> tma.datraining.controller.ProductController.getProducts()
""2018-10-22 09:15:11 INFO  o.s.w.s.m.m.a.RequestMappingHandlerMapping - Mapped "{[/product/add],methods=[POST],produces=[application/json || application/xml]}" onto public tma.datraining.dto.ProductDTO tma.datraining.controller.ProductController.addProduct(tma.datraining.dto.ProductDTO,java.security.Principal) throws java.net.URISyntaxException
""2018-10-22 09:15:11 INFO  o.s.w.s.m.m.a.RequestMappingHandlerMapping - Mapped "{[/product/{productId}],methods=[GET],produces=[application/json || application/xml]}" onto public org.springframework.http.ResponseEntity<tma.datraining.dto.ProductDTO> tma.datraining.controller.ProductController.getProduct(java.lang.String)
""2018-10-22 09:15:11 DEBUG o.s.w.s.m.m.a.RequestMappingHandlerMapping - 10 request handler methods found on class tma.datraining.controller.SalesController: {public java.util.List tma.datraining.controller.SalesController.getSaleByLocation(java.lang.String)={[/sales/location/{locationId}],methods=[GET],produces=[application/json || application/xml]}, public java.util.List tma.datraining.controller.SalesController.getSaleByTime(java.lang.String)={[/sales/time/{timeId}],methods=[GET],produces=[application/json || application/xml]}, public java.util.List tma.datraining.controller.SalesController.getSales()={[/sales/list],methods=[GET],produces=[application/json || application/xml]}, public java.util.List tma.datraining.controller.SalesController.getSaleByProduct(java.lang.String)={[/sales/product/{productId}],methods=[GET],produces=[application/json || application/xml]}, public tma.datraining.dto.SalesDTO tma.datraining.controller.SalesController.getSale(java.lang.String)={[/sales/{saleId}],methods=[GET],produces=[application/json || application/xml]}, public tma.datraining.dto.SalesDTO tma.datraining.controller.SalesController.saveSales(tma.datraining.dto.SalesDTO,java.security.Principal)={[/sales/add],methods=[POST],produces=[application/json || application/xml]}, public java.util.List tma.datraining.controller.SalesController.getConvert()={[/sales/convert],methods=[GET],produces=[application/json || application/xml]}, public java.util.List tma.datraining.controller.SalesController.getSalesCass()={[/sales/cass],methods=[GET],produces=[application/json || application/xml]}, public java.lang.String tma.datraining.controller.SalesController.deleteSales(java.lang.String,java.security.Principal)={[/sales/delete/{saleId}],methods=[DELETE],produces=[application/json || application/xml]}, public tma.datraining.dto.SalesDTO tma.datraining.controller.SalesController.updateSales(tma.datraining.dto.SalesDTO,java.security.Principal)={[/sales/update}],methods=[PUT],produces=[application/json || application/xml]}}
""2018-10-22 09:15:11 INFO  o.s.w.s.m.m.a.RequestMappingHandlerMapping - Mapped "{[/sales/location/{locationId}],methods=[GET],produces=[application/json || application/xml]}" onto public java.util.List<tma.datraining.dto.SalesDTO> tma.datraining.controller.SalesController.getSaleByLocation(java.lang.String)
""2018-10-22 09:15:11 INFO  o.s.w.s.m.m.a.RequestMappingHandlerMapping - Mapped "{[/sales/time/{timeId}],methods=[GET],produces=[application/json || application/xml]}" onto public java.util.List<tma.datraining.dto.SalesDTO> tma.datraining.controller.SalesController.getSaleByTime(java.lang.String)
""2018-10-22 09:15:11 INFO  o.s.w.s.m.m.a.RequestMappingHandlerMapping - Mapped "{[/sales/list],methods=[GET],produces=[application/json || application/xml]}" onto public java.util.List<tma.datraining.dto.SalesDTO> tma.datraining.controller.SalesController.getSales()
""2018-10-22 09:15:11 INFO  o.s.w.s.m.m.a.RequestMappingHandlerMapping - Mapped "{[/sales/product/{productId}],methods=[GET],produces=[application/json || application/xml]}" onto public java.util.List<tma.datraining.dto.SalesDTO> tma.datraining.controller.SalesController.getSaleByProduct(java.lang.String)
""2018-10-22 09:15:11 INFO  o.s.w.s.m.m.a.RequestMappingHandlerMapping - Mapped "{[/sales/{saleId}],methods=[GET],produces=[application/json || application/xml]}" onto public tma.datraining.dto.SalesDTO tma.datraining.controller.SalesController.getSale(java.lang.String)
""2018-10-22 09:15:11 INFO  o.s.w.s.m.m.a.RequestMappingHandlerMapping - Mapped "{[/sales/add],methods=[POST],produces=[application/json || application/xml]}" onto public tma.datraining.dto.SalesDTO tma.datraining.controller.SalesController.saveSales(tma.datraining.dto.SalesDTO,java.security.Principal)
""2018-10-22 09:15:11 INFO  o.s.w.s.m.m.a.RequestMappingHandlerMapping - Mapped "{[/sales/convert],methods=[GET],produces=[application/json || application/xml]}" onto public java.util.List<tma.datraining.dto.SalesDTO> tma.datraining.controller.SalesController.getConvert()
""2018-10-22 09:15:11 INFO  o.s.w.s.m.m.a.RequestMappingHandlerMapping - Mapped "{[/sales/cass],methods=[GET],produces=[application/json || application/xml]}" onto public java.util.List<tma.datraining.model.cassandra.CassSales> tma.datraining.controller.SalesController.getSalesCass()
""2018-10-22 09:15:11 INFO  o.s.w.s.m.m.a.RequestMappingHandlerMapping - Mapped "{[/sales/delete/{saleId}],methods=[DELETE],produces=[application/json || application/xml]}" onto public java.lang.String tma.datraining.controller.SalesController.deleteSales(java.lang.String,java.security.Principal)
""2018-10-22 09:15:11 INFO  o.s.w.s.m.m.a.RequestMappingHandlerMapping - Mapped "{[/sales/update}],methods=[PUT],produces=[application/json || application/xml]}" onto public tma.datraining.dto.SalesDTO tma.datraining.controller.SalesController.updateSales(tma.datraining.dto.SalesDTO,java.security.Principal)
""2018-10-22 09:15:11 DEBUG o.s.w.s.m.m.a.RequestMappingHandlerMapping - 9 request handler methods found on class tma.datraining.controller.SecurityController: {public java.lang.String tma.datraining.controller.SecurityController.userInfo(org.springframework.ui.Model,java.security.Principal)={[/userInfo],methods=[GET]}, public java.lang.String tma.datraining.controller.SecurityController.logoutSuccessfulPage(org.springframework.ui.Model)={[/logoutSuccessful],methods=[GET]}, public java.lang.String tma.datraining.controller.SecurityController.loginPage(org.springframework.ui.Model)={[/login],methods=[GET]}, public java.lang.String tma.datraining.controller.SecurityController.accessDenied4(org.springframework.ui.Model,java.security.Principal)={[/403],methods=[PUT]}, public java.lang.String tma.datraining.controller.SecurityController.adminPage(org.springframework.ui.Model,java.security.Principal)={[/admin],methods=[GET]}, public java.lang.String tma.datraining.controller.SecurityController.accessDenied(org.springframework.ui.Model,java.security.Principal)={[/403],methods=[GET]}, public java.lang.String tma.datraining.controller.SecurityController.accessDenied3(org.springframework.ui.Model,java.security.Principal)={[/403],methods=[POST]}, public java.lang.String tma.datraining.controller.SecurityController.welcomePage(org.springframework.ui.Model)={[/ || /welcome],methods=[GET]}, public java.lang.String tma.datraining.controller.SecurityController.accessDenied2(org.springframework.ui.Model,java.security.Principal)={[/403],methods=[DELETE]}}
""2018-10-22 09:15:11 INFO  o.s.w.s.m.m.a.RequestMappingHandlerMapping - Mapped "{[/userInfo],methods=[GET]}" onto public java.lang.String tma.datraining.controller.SecurityController.userInfo(org.springframework.ui.Model,java.security.Principal)
""2018-10-22 09:15:11 INFO  o.s.w.s.m.m.a.RequestMappingHandlerMapping - Mapped "{[/logoutSuccessful],methods=[GET]}" onto public java.lang.String tma.datraining.controller.SecurityController.logoutSuccessfulPage(org.springframework.ui.Model)
""2018-10-22 09:15:11 INFO  o.s.w.s.m.m.a.RequestMappingHandlerMapping - Mapped "{[/login],methods=[GET]}" onto public java.lang.String tma.datraining.controller.SecurityController.loginPage(org.springframework.ui.Model)
""2018-10-22 09:15:11 INFO  o.s.w.s.m.m.a.RequestMappingHandlerMapping - Mapped "{[/403],methods=[PUT]}" onto public java.lang.String tma.datraining.controller.SecurityController.accessDenied4(org.springframework.ui.Model,java.security.Principal)
""2018-10-22 09:15:11 INFO  o.s.w.s.m.m.a.RequestMappingHandlerMapping - Mapped "{[/admin],methods=[GET]}" onto public java.lang.String tma.datraining.controller.SecurityController.adminPage(org.springframework.ui.Model,java.security.Principal)
""2018-10-22 09:15:11 INFO  o.s.w.s.m.m.a.RequestMappingHandlerMapping - Mapped "{[/403],methods=[GET]}" onto public java.lang.String tma.datraining.controller.SecurityController.accessDenied(org.springframework.ui.Model,java.security.Principal)
""2018-10-22 09:15:11 INFO  o.s.w.s.m.m.a.RequestMappingHandlerMapping - Mapped "{[/403],methods=[POST]}" onto public java.lang.String tma.datraining.controller.SecurityController.accessDenied3(org.springframework.ui.Model,java.security.Principal)
""2018-10-22 09:15:11 INFO  o.s.w.s.m.m.a.RequestMappingHandlerMapping - Mapped "{[/ || /welcome],methods=[GET]}" onto public java.lang.String tma.datraining.controller.SecurityController.welcomePage(org.springframework.ui.Model)
""2018-10-22 09:15:11 INFO  o.s.w.s.m.m.a.RequestMappingHandlerMapping - Mapped "{[/403],methods=[DELETE]}" onto public java.lang.String tma.datraining.controller.SecurityController.accessDenied2(org.springframework.ui.Model,java.security.Principal)
""2018-10-22 09:15:11 DEBUG o.s.w.s.m.m.a.RequestMappingHandlerMapping - 6 request handler methods found on class tma.datraining.controller.TimeController: {public tma.datraining.dto.TimeDTO tma.datraining.controller.TimeController.getTime(java.lang.String)={[/time/{timeId}],methods=[GET],produces=[application/json || application/xml]}, public tma.datraining.dto.TimeDTO tma.datraining.controller.TimeController.updateTime(tma.datraining.dto.TimeDTO,java.security.Principal)={[/time/update],methods=[PUT],produces=[application/json || application/xml]}, public java.util.List tma.datraining.controller.TimeController.getConvertTime()={[/time/convert],methods=[GET],produces=[application/json || application/xml]}, public java.util.List tma.datraining.controller.TimeController.getTimes()={[/time/list],methods=[GET],produces=[application/json || application/xml]}, public tma.datraining.dto.TimeDTO tma.datraining.controller.TimeController.saveTime(tma.datraining.dto.TimeDTO,java.security.Principal)={[/time/add],methods=[POST],produces=[application/json || application/xml]}, public java.lang.String tma.datraining.controller.TimeController.deleteTime(java.lang.String,java.security.Principal)={[/time/delete/{timeId}],methods=[DELETE],produces=[application/json || application/xml]}}
""2018-10-22 09:15:11 INFO  o.s.w.s.m.m.a.RequestMappingHandlerMapping - Mapped "{[/time/{timeId}],methods=[GET],produces=[application/json || application/xml]}" onto public tma.datraining.dto.TimeDTO tma.datraining.controller.TimeController.getTime(java.lang.String)
""2018-10-22 09:15:11 INFO  o.s.w.s.m.m.a.RequestMappingHandlerMapping - Mapped "{[/time/update],methods=[PUT],produces=[application/json || application/xml]}" onto public tma.datraining.dto.TimeDTO tma.datraining.controller.TimeController.updateTime(tma.datraining.dto.TimeDTO,java.security.Principal)
""2018-10-22 09:15:11 INFO  o.s.w.s.m.m.a.RequestMappingHandlerMapping - Mapped "{[/time/convert],methods=[GET],produces=[application/json || application/xml]}" onto public java.util.List<tma.datraining.dto.TimeDTO> tma.datraining.controller.TimeController.getConvertTime()
""2018-10-22 09:15:11 INFO  o.s.w.s.m.m.a.RequestMappingHandlerMapping - Mapped "{[/time/list],methods=[GET],produces=[application/json || application/xml]}" onto public java.util.List<tma.datraining.dto.TimeDTO> tma.datraining.controller.TimeController.getTimes()
""2018-10-22 09:15:11 INFO  o.s.w.s.m.m.a.RequestMappingHandlerMapping - Mapped "{[/time/add],methods=[POST],produces=[application/json || application/xml]}" onto public tma.datraining.dto.TimeDTO tma.datraining.controller.TimeController.saveTime(tma.datraining.dto.TimeDTO,java.security.Principal)
""2018-10-22 09:15:11 INFO  o.s.w.s.m.m.a.RequestMappingHandlerMapping - Mapped "{[/time/delete/{timeId}],methods=[DELETE],produces=[application/json || application/xml]}" onto public java.lang.String tma.datraining.controller.TimeController.deleteTime(java.lang.String,java.security.Principal)
""2018-10-22 09:15:11 DEBUG o.s.w.s.m.m.a.RequestMappingHandlerMapping - 2 request handler methods found on class org.springframework.boot.autoconfigure.web.servlet.error.BasicErrorController: {public org.springframework.http.ResponseEntity org.springframework.boot.autoconfigure.web.servlet.error.BasicErrorController.error(javax.servlet.http.HttpServletRequest)={[/error]}, public org.springframework.web.servlet.ModelAndView org.springframework.boot.autoconfigure.web.servlet.error.BasicErrorController.errorHtml(javax.servlet.http.HttpServletRequest,javax.servlet.http.HttpServletResponse)={[/error],produces=[text/html]}}
""2018-10-22 09:15:11 INFO  o.s.w.s.m.m.a.RequestMappingHandlerMapping - Mapped "{[/error]}" onto public org.springframework.http.ResponseEntity<java.util.Map<java.lang.String, java.lang.Object>> org.springframework.boot.autoconfigure.web.servlet.error.BasicErrorController.error(javax.servlet.http.HttpServletRequest)
""2018-10-22 09:15:11 INFO  o.s.w.s.m.m.a.RequestMappingHandlerMapping - Mapped "{[/error],produces=[text/html]}" onto public org.springframework.web.servlet.ModelAndView org.springframework.boot.autoconfigure.web.servlet.error.BasicErrorController.errorHtml(javax.servlet.http.HttpServletRequest,javax.servlet.http.HttpServletResponse)
""2018-10-22 09:15:11 DEBUG o.s.w.s.h.BeanNameUrlHandlerMapping - Looking for URL mappings in application context: org.springframework.boot.web.servlet.context.AnnotationConfigServletWebServerApplicationContext@6e171cd7: startup date [Mon Oct 22 09:14:41 ICT 2018]; root of context hierarchy
""2018-10-22 09:15:11 DEBUG o.s.w.s.h.BeanNameUrlHandlerMapping - Rejected bean name 'org.springframework.context.annotation.internalConfigurationAnnotationProcessor': no URL paths identified
""2018-10-22 09:15:11 DEBUG o.s.w.s.h.BeanNameUrlHandlerMapping - Rejected bean name 'org.springframework.context.annotation.internalAutowiredAnnotationProcessor': no URL paths identified
""2018-10-22 09:15:11 DEBUG o.s.w.s.h.BeanNameUrlHandlerMapping - Rejected bean name 'org.springframework.context.annotation.internalRequiredAnnotationProcessor': no URL paths identified
""2018-10-22 09:15:11 DEBUG o.s.w.s.h.BeanNameUrlHandlerMapping - Rejected bean name 'org.springframework.context.annotation.internalCommonAnnotationProcessor': no URL paths identified
""2018-10-22 09:15:11 DEBUG o.s.w.s.h.BeanNameUrlHandlerMapping - Rejected bean name 'org.springframework.context.annotation.internalPersistenceAnnotationProcessor': no URL paths identified
""2018-10-22 09:15:11 DEBUG o.s.w.s.h.BeanNameUrlHandlerMapping - Rejected bean name 'org.springframework.context.event.internalEventListenerProcessor': no URL paths identified
""2018-10-22 09:15:11 DEBUG o.s.w.s.h.BeanNameUrlHandlerMapping - Rejected bean name 'org.springframework.context.event.internalEventListenerFactory': no URL paths identified
""2018-10-22 09:15:11 DEBUG o.s.w.s.h.BeanNameUrlHandlerMapping - Rejected bean name 'webSalesApplication': no URL paths identified
""2018-10-22 09:15:11 DEBUG o.s.w.s.h.BeanNameUrlHandlerMapping - Rejected bean name 'org.springframework.boot.autoconfigure.internalCachingMetadataReaderFactory': no URL paths identified
""2018-10-22 09:15:11 DEBUG o.s.w.s.h.BeanNameUrlHandlerMapping - Rejected bean name 'webSecurityConfig': no URL paths identified
""2018-10-22 09:15:11 DEBUG o.s.w.s.h.BeanNameUrlHandlerMapping - Rejected bean name 'baseController': no URL paths identified
""2018-10-22 09:15:11 DEBUG o.s.w.s.h.BeanNameUrlHandlerMapping - Rejected bean name 'locationController': no URL paths identified
""2018-10-22 09:15:11 DEBUG o.s.w.s.h.BeanNameUrlHandlerMapping - Rejected bean name 'mainController': no URL paths identified
""2018-10-22 09:15:11 DEBUG o.s.w.s.h.BeanNameUrlHandlerMapping - Rejected bean name 'productController': no URL paths identified
""2018-10-22 09:15:11 DEBUG o.s.w.s.h.BeanNameUrlHandlerMapping - Rejected bean name 'salesController': no URL paths identified
""2018-10-22 09:15:11 DEBUG o.s.w.s.h.BeanNameUrlHandlerMapping - Rejected bean name 'securityController': no URL paths identified
""2018-10-22 09:15:11 DEBUG o.s.w.s.h.BeanNameUrlHandlerMapping - Rejected bean name 'timeController': no URL paths identified
""2018-10-22 09:15:11 DEBUG o.s.w.s.h.BeanNameUrlHandlerMapping - Rejected bean name 'dateTimeToTimestampConverter': no URL paths identified
""2018-10-22 09:15:11 DEBUG o.s.w.s.h.BeanNameUrlHandlerMapping - Rejected bean name 'dateToTimestampConverter': no URL paths identified
""2018-10-22 09:15:11 DEBUG o.s.w.s.h.BeanNameUrlHandlerMapping - Rejected bean name 'cassLocationServiceImp': no URL paths identified
""2018-10-22 09:15:11 DEBUG o.s.w.s.h.BeanNameUrlHandlerMapping - Rejected bean name 'cassProductServiceImp': no URL paths identified
""2018-10-22 09:15:11 DEBUG o.s.w.s.h.BeanNameUrlHandlerMapping - Rejected bean name 'cassSalesServiceImp': no URL paths identified
""2018-10-22 09:15:11 DEBUG o.s.w.s.h.BeanNameUrlHandlerMapping - Rejected bean name 'cassTimeServiceImp': no URL paths identified
""2018-10-22 09:15:11 DEBUG o.s.w.s.h.BeanNameUrlHandlerMapping - Rejected bean name 'locationServiceImp': no URL paths identified
""2018-10-22 09:15:11 DEBUG o.s.w.s.h.BeanNameUrlHandlerMapping - Rejected bean name 'productServiceImp': no URL paths identified
""2018-10-22 09:15:11 DEBUG o.s.w.s.h.BeanNameUrlHandlerMapping - Rejected bean name 'roleServiceImp': no URL paths identified
""2018-10-22 09:15:11 DEBUG o.s.w.s.h.BeanNameUrlHandlerMapping - Rejected bean name 'salesServiceImp': no URL paths identified
""2018-10-22 09:15:11 DEBUG o.s.w.s.h.BeanNameUrlHandlerMapping - Rejected bean name 'timeServiceImp': no URL paths identified
""2018-10-22 09:15:11 DEBUG o.s.w.s.h.BeanNameUrlHandlerMapping - Rejected bean name 'userDetailsServiceImpl': no URL paths identified
""2018-10-22 09:15:11 DEBUG o.s.w.s.h.BeanNameUrlHandlerMapping - Rejected bean name 'userRoleServiceImp': no URL paths identified
""2018-10-22 09:15:11 DEBUG o.s.w.s.h.BeanNameUrlHandlerMapping - Rejected bean name 'userServiceImp': no URL paths identified
""2018-10-22 09:15:11 DEBUG o.s.w.s.h.BeanNameUrlHandlerMapping - Rejected bean name 'org.springframework.security.config.annotation.configuration.ObjectPostProcessorConfiguration': no URL paths identified
""2018-10-22 09:15:11 DEBUG o.s.w.s.h.BeanNameUrlHandlerMapping - Rejected bean name 'objectPostProcessor': no URL paths identified
""2018-10-22 09:15:11 DEBUG o.s.w.s.h.BeanNameUrlHandlerMapping - Rejected bean name 'org.springframework.security.config.annotation.authentication.configuration.AuthenticationConfiguration': no URL paths identified
""2018-10-22 09:15:11 DEBUG o.s.w.s.h.BeanNameUrlHandlerMapping - Rejected bean name 'authenticationManagerBuilder': no URL paths identified
""2018-10-22 09:15:11 DEBUG o.s.w.s.h.BeanNameUrlHandlerMapping - Rejected bean name 'enableGlobalAuthenticationAutowiredConfigurer': no URL paths identified
""2018-10-22 09:15:11 DEBUG o.s.w.s.h.BeanNameUrlHandlerMapping - Rejected bean name 'initializeUserDetailsBeanManagerConfigurer': no URL paths identified
""2018-10-22 09:15:11 DEBUG o.s.w.s.h.BeanNameUrlHandlerMapping - Rejected bean name 'initializeAuthenticationProviderBeanManagerConfigurer': no URL paths identified
""2018-10-22 09:15:11 DEBUG o.s.w.s.h.BeanNameUrlHandlerMapping - Rejected bean name 'org.springframework.security.config.annotation.web.configuration.WebSecurityConfiguration': no URL paths identified
""2018-10-22 09:15:11 DEBUG o.s.w.s.h.BeanNameUrlHandlerMapping - Rejected bean name 'delegatingApplicationListener': no URL paths identified
""2018-10-22 09:15:11 DEBUG o.s.w.s.h.BeanNameUrlHandlerMapping - Rejected bean name 'webSecurityExpressionHandler': no URL paths identified
""2018-10-22 09:15:11 DEBUG o.s.w.s.h.BeanNameUrlHandlerMapping - Rejected bean name 'springSecurityFilterChain': no URL paths identified
""2018-10-22 09:15:11 DEBUG o.s.w.s.h.BeanNameUrlHandlerMapping - Rejected bean name 'privilegeEvaluator': no URL paths identified
""2018-10-22 09:15:11 DEBUG o.s.w.s.h.BeanNameUrlHandlerMapping - Rejected bean name 'autowiredWebSecurityConfigurersIgnoreParents': no URL paths identified
""2018-10-22 09:15:11 DEBUG o.s.w.s.h.BeanNameUrlHandlerMapping - Rejected bean name 'org.springframework.security.config.annotation.web.configuration.WebMvcSecurityConfiguration': no URL paths identified
""2018-10-22 09:15:11 DEBUG o.s.w.s.h.BeanNameUrlHandlerMapping - Rejected bean name 'requestDataValueProcessor': no URL paths identified
""2018-10-22 09:15:11 DEBUG o.s.w.s.h.BeanNameUrlHandlerMapping - Rejected bean name 'org.springframework.security.config.annotation.method.configuration.GlobalMethodSecurityConfiguration': no URL paths identified
""2018-10-22 09:15:11 DEBUG o.s.w.s.h.BeanNameUrlHandlerMapping - Rejected bean name 'methodSecurityInterceptor': no URL paths identified
""2018-10-22 09:15:11 DEBUG o.s.w.s.h.BeanNameUrlHandlerMapping - Rejected bean name 'methodSecurityMetadataSource': no URL paths identified
""2018-10-22 09:15:11 DEBUG o.s.w.s.h.BeanNameUrlHandlerMapping - Rejected bean name 'preInvocationAuthorizationAdvice': no URL paths identified
""2018-10-22 09:15:11 DEBUG o.s.w.s.h.BeanNameUrlHandlerMapping - Rejected bean name 'passwordEncoder': no URL paths identified
""2018-10-22 09:15:11 DEBUG o.s.w.s.h.BeanNameUrlHandlerMapping - Rejected bean name 'persistentTokenRepository': no URL paths identified
""2018-10-22 09:15:11 DEBUG o.s.w.s.h.BeanNameUrlHandlerMapping - Rejected bean name 'metaDataSourceAdvisor': no URL paths identified
""2018-10-22 09:15:11 DEBUG o.s.w.s.h.BeanNameUrlHandlerMapping - Rejected bean name 'org.springframework.aop.config.internalAutoProxyCreator': no URL paths identified
""2018-10-22 09:15:11 DEBUG o.s.w.s.h.BeanNameUrlHandlerMapping - Rejected bean name 'org.springframework.boot.autoconfigure.AutoConfigurationPackages': no URL paths identified
""2018-10-22 09:15:11 DEBUG o.s.w.s.h.BeanNameUrlHandlerMapping - Rejected bean name 'org.springframework.boot.autoconfigure.context.PropertyPlaceholderAutoConfiguration': no URL paths identified
""2018-10-22 09:15:11 DEBUG o.s.w.s.h.BeanNameUrlHandlerMapping - Rejected bean name 'org.springframework.boot.autoconfigure.condition.BeanTypeRegistry': no URL paths identified
""2018-10-22 09:15:11 DEBUG o.s.w.s.h.BeanNameUrlHandlerMapping - Rejected bean name 'propertySourcesPlaceholderConfigurer': no URL paths identified
""2018-10-22 09:15:11 DEBUG o.s.w.s.h.BeanNameUrlHandlerMapping - Rejected bean name 'org.springframework.boot.autoconfigure.websocket.servlet.WebSocketServletAutoConfiguration$TomcatWebSocketConfiguration': no URL paths identified
""2018-10-22 09:15:11 DEBUG o.s.w.s.h.BeanNameUrlHandlerMapping - Rejected bean name 'websocketContainerCustomizer': no URL paths identified
""2018-10-22 09:15:11 DEBUG o.s.w.s.h.BeanNameUrlHandlerMapping - Rejected bean name 'org.springframework.boot.autoconfigure.websocket.servlet.WebSocketServletAutoConfiguration': no URL paths identified
""2018-10-22 09:15:11 DEBUG o.s.w.s.h.BeanNameUrlHandlerMapping - Rejected bean name 'org.springframework.boot.autoconfigure.web.servlet.ServletWebServerFactoryConfiguration$EmbeddedTomcat': no URL paths identified
""2018-10-22 09:15:11 DEBUG o.s.w.s.h.BeanNameUrlHandlerMapping - Rejected bean name 'tomcatServletWebServerFactory': no URL paths identified
""2018-10-22 09:15:11 DEBUG o.s.w.s.h.BeanNameUrlHandlerMapping - Rejected bean name 'org.springframework.boot.autoconfigure.web.servlet.ServletWebServerFactoryAutoConfiguration': no URL paths identified
""2018-10-22 09:15:11 DEBUG o.s.w.s.h.BeanNameUrlHandlerMapping - Rejected bean name 'servletWebServerFactoryCustomizer': no URL paths identified
""2018-10-22 09:15:11 DEBUG o.s.w.s.h.BeanNameUrlHandlerMapping - Rejected bean name 'tomcatServletWebServerFactoryCustomizer': no URL paths identified
""2018-10-22 09:15:11 DEBUG o.s.w.s.h.BeanNameUrlHandlerMapping - Rejected bean name 'server-org.springframework.boot.autoconfigure.web.ServerProperties': no URL paths identified
""2018-10-22 09:15:11 DEBUG o.s.w.s.h.BeanNameUrlHandlerMapping - Rejected bean name 'org.springframework.boot.context.properties.ConfigurationPropertiesBindingPostProcessor': no URL paths identified
""2018-10-22 09:15:11 DEBUG o.s.w.s.h.BeanNameUrlHandlerMapping - Rejected bean name 'org.springframework.boot.context.properties.ConfigurationBeanFactoryMetadata': no URL paths identified
""2018-10-22 09:15:11 DEBUG o.s.w.s.h.BeanNameUrlHandlerMapping - Rejected bean name 'webServerFactoryCustomizerBeanPostProcessor': no URL paths identified
""2018-10-22 09:15:11 DEBUG o.s.w.s.h.BeanNameUrlHandlerMapping - Rejected bean name 'errorPageRegistrarBeanPostProcessor': no URL paths identified
""2018-10-22 09:15:11 DEBUG o.s.w.s.h.BeanNameUrlHandlerMapping - Rejected bean name 'org.springframework.boot.autoconfigure.web.servlet.DispatcherServletAutoConfiguration$DispatcherServletConfiguration': no URL paths identified
""2018-10-22 09:15:11 DEBUG o.s.w.s.h.BeanNameUrlHandlerMapping - Rejected bean name 'dispatcherServlet': no URL paths identified
""2018-10-22 09:15:11 DEBUG o.s.w.s.h.BeanNameUrlHandlerMapping - Rejected bean name 'spring.mvc-org.springframework.boot.autoconfigure.web.servlet.WebMvcProperties': no URL paths identified
""2018-10-22 09:15:11 DEBUG o.s.w.s.h.BeanNameUrlHandlerMapping - Rejected bean name 'org.springframework.boot.autoconfigure.web.servlet.DispatcherServletAutoConfiguration$DispatcherServletRegistrationConfiguration': no URL paths identified
""2018-10-22 09:15:11 DEBUG o.s.w.s.h.BeanNameUrlHandlerMapping - Rejected bean name 'dispatcherServletRegistration': no URL paths identified
""2018-10-22 09:15:11 DEBUG o.s.w.s.h.BeanNameUrlHandlerMapping - Rejected bean name 'org.springframework.boot.autoconfigure.web.servlet.DispatcherServletAutoConfiguration': no URL paths identified
""2018-10-22 09:15:11 DEBUG o.s.w.s.h.BeanNameUrlHandlerMapping - Rejected bean name 'org.springframework.boot.autoconfigure.validation.ValidationAutoConfiguration': no URL paths identified
""2018-10-22 09:15:11 DEBUG o.s.w.s.h.BeanNameUrlHandlerMapping - Rejected bean name 'defaultValidator': no URL paths identified
""2018-10-22 09:15:11 DEBUG o.s.w.s.h.BeanNameUrlHandlerMapping - Rejected bean name 'methodValidationPostProcessor': no URL paths identified
""2018-10-22 09:15:11 DEBUG o.s.w.s.h.BeanNameUrlHandlerMapping - Rejected bean name 'org.springframework.boot.autoconfigure.web.servlet.error.ErrorMvcAutoConfiguration$WhitelabelErrorViewConfiguration': no URL paths identified
""2018-10-22 09:15:11 DEBUG o.s.w.s.h.BeanNameUrlHandlerMapping - Rejected bean name 'error': no URL paths identified
""2018-10-22 09:15:11 DEBUG o.s.w.s.h.BeanNameUrlHandlerMapping - Rejected bean name 'beanNameViewResolver': no URL paths identified
""2018-10-22 09:15:11 DEBUG o.s.w.s.h.BeanNameUrlHandlerMapping - Rejected bean name 'org.springframework.boot.autoconfigure.web.servlet.error.ErrorMvcAutoConfiguration$DefaultErrorViewResolverConfiguration': no URL paths identified
""2018-10-22 09:15:11 DEBUG o.s.w.s.h.BeanNameUrlHandlerMapping - Rejected bean name 'conventionErrorViewResolver': no URL paths identified
""2018-10-22 09:15:11 DEBUG o.s.w.s.h.BeanNameUrlHandlerMapping - Rejected bean name 'org.springframework.boot.autoconfigure.web.servlet.error.ErrorMvcAutoConfiguration': no URL paths identified
""2018-10-22 09:15:11 DEBUG o.s.w.s.h.BeanNameUrlHandlerMapping - Rejected bean name 'errorAttributes': no URL paths identified
""2018-10-22 09:15:11 DEBUG o.s.w.s.h.BeanNameUrlHandlerMapping - Rejected bean name 'basicErrorController': no URL paths identified
""2018-10-22 09:15:11 DEBUG o.s.w.s.h.BeanNameUrlHandlerMapping - Rejected bean name 'errorPageCustomizer': no URL paths identified
""2018-10-22 09:15:11 DEBUG o.s.w.s.h.BeanNameUrlHandlerMapping - Rejected bean name 'preserveErrorControllerTargetClassPostProcessor': no URL paths identified
""2018-10-22 09:15:11 DEBUG o.s.w.s.h.BeanNameUrlHandlerMapping - Rejected bean name 'spring.resources-org.springframework.boot.autoconfigure.web.ResourceProperties': no URL paths identified
""2018-10-22 09:15:11 DEBUG o.s.w.s.h.BeanNameUrlHandlerMapping - Rejected bean name 'org.springframework.boot.autoconfigure.web.servlet.WebMvcAutoConfiguration$WebMvcAutoConfigurationAdapter$FaviconConfiguration': no URL paths identified
""2018-10-22 09:15:11 DEBUG o.s.w.s.h.BeanNameUrlHandlerMapping - Rejected bean name 'faviconHandlerMapping': no URL paths identified
""2018-10-22 09:15:11 DEBUG o.s.w.s.h.BeanNameUrlHandlerMapping - Rejected bean name 'faviconRequestHandler': no URL paths identified
""2018-10-22 09:15:11 DEBUG o.s.w.s.h.BeanNameUrlHandlerMapping - Rejected bean name 'org.springframework.boot.autoconfigure.web.servlet.WebMvcAutoConfiguration$EnableWebMvcConfiguration': no URL paths identified
""2018-10-22 09:15:11 DEBUG o.s.w.s.h.BeanNameUrlHandlerMapping - Rejected bean name 'requestMappingHandlerAdapter': no URL paths identified
""2018-10-22 09:15:11 DEBUG o.s.w.s.h.BeanNameUrlHandlerMapping - Rejected bean name 'requestMappingHandlerMapping': no URL paths identified
""2018-10-22 09:15:11 DEBUG o.s.w.s.h.BeanNameUrlHandlerMapping - Rejected bean name 'mvcConversionService': no URL paths identified
""2018-10-22 09:15:11 DEBUG o.s.w.s.h.BeanNameUrlHandlerMapping - Rejected bean name 'mvcValidator': no URL paths identified
""2018-10-22 09:15:11 DEBUG o.s.w.s.h.BeanNameUrlHandlerMapping - Rejected bean name 'mvcContentNegotiationManager': no URL paths identified
""2018-10-22 09:15:11 DEBUG o.s.w.s.h.BeanNameUrlHandlerMapping - Rejected bean name 'mvcPathMatcher': no URL paths identified
""2018-10-22 09:15:11 DEBUG o.s.w.s.h.BeanNameUrlHandlerMapping - Rejected bean name 'mvcUrlPathHelper': no URL paths identified
""2018-10-22 09:15:11 DEBUG o.s.w.s.h.BeanNameUrlHandlerMapping - Rejected bean name 'viewControllerHandlerMapping': no URL paths identified
""2018-10-22 09:15:11 DEBUG o.s.w.s.h.BeanNameUrlHandlerMapping - Rejected bean name 'beanNameHandlerMapping': no URL paths identified
""2018-10-22 09:15:11 DEBUG o.s.w.s.h.BeanNameUrlHandlerMapping - Rejected bean name 'resourceHandlerMapping': no URL paths identified
""2018-10-22 09:15:11 DEBUG o.s.w.s.h.BeanNameUrlHandlerMapping - Rejected bean name 'mvcResourceUrlProvider': no URL paths identified
""2018-10-22 09:15:11 DEBUG o.s.w.s.h.BeanNameUrlHandlerMapping - Rejected bean name 'defaultServletHandlerMapping': no URL paths identified
""2018-10-22 09:15:11 DEBUG o.s.w.s.h.BeanNameUrlHandlerMapping - Rejected bean name 'mvcUriComponentsContributor': no URL paths identified
""2018-10-22 09:15:11 DEBUG o.s.w.s.h.BeanNameUrlHandlerMapping - Rejected bean name 'httpRequestHandlerAdapter': no URL paths identified
""2018-10-22 09:15:11 DEBUG o.s.w.s.h.BeanNameUrlHandlerMapping - Rejected bean name 'simpleControllerHandlerAdapter': no URL paths identified
""2018-10-22 09:15:11 DEBUG o.s.w.s.h.BeanNameUrlHandlerMapping - Rejected bean name 'handlerExceptionResolver': no URL paths identified
""2018-10-22 09:15:11 DEBUG o.s.w.s.h.BeanNameUrlHandlerMapping - Rejected bean name 'mvcViewResolver': no URL paths identified
""2018-10-22 09:15:11 DEBUG o.s.w.s.h.BeanNameUrlHandlerMapping - Rejected bean name 'mvcHandlerMappingIntrospector': no URL paths identified
""2018-10-22 09:15:11 DEBUG o.s.w.s.h.BeanNameUrlHandlerMapping - Rejected bean name 'org.springframework.boot.autoconfigure.web.servlet.WebMvcAutoConfiguration$WebMvcAutoConfigurationAdapter': no URL paths identified
""2018-10-22 09:15:11 DEBUG o.s.w.s.h.BeanNameUrlHandlerMapping - Rejected bean name 'defaultViewResolver': no URL paths identified
""2018-10-22 09:15:11 DEBUG o.s.w.s.h.BeanNameUrlHandlerMapping - Rejected bean name 'viewResolver': no URL paths identified
""2018-10-22 09:15:11 DEBUG o.s.w.s.h.BeanNameUrlHandlerMapping - Rejected bean name 'welcomePageHandlerMapping': no URL paths identified
""2018-10-22 09:15:11 DEBUG o.s.w.s.h.BeanNameUrlHandlerMapping - Rejected bean name 'requestContextFilter': no URL paths identified
""2018-10-22 09:15:11 DEBUG o.s.w.s.h.BeanNameUrlHandlerMapping - Rejected bean name 'org.springframework.boot.autoconfigure.web.servlet.WebMvcAutoConfiguration': no URL paths identified
""2018-10-22 09:15:11 DEBUG o.s.w.s.h.BeanNameUrlHandlerMapping - Rejected bean name 'hiddenHttpMethodFilter': no URL paths identified
""2018-10-22 09:15:11 DEBUG o.s.w.s.h.BeanNameUrlHandlerMapping - Rejected bean name 'httpPutFormContentFilter': no URL paths identified
""2018-10-22 09:15:11 DEBUG o.s.w.s.h.BeanNameUrlHandlerMapping - Rejected bean name 'org.springframework.boot.autoconfigure.jmx.JmxAutoConfiguration': no URL paths identified
""2018-10-22 09:15:11 DEBUG o.s.w.s.h.BeanNameUrlHandlerMapping - Rejected bean name 'mbeanExporter': no URL paths identified
""2018-10-22 09:15:11 DEBUG o.s.w.s.h.BeanNameUrlHandlerMapping - Rejected bean name 'objectNamingStrategy': no URL paths identified
""2018-10-22 09:15:11 DEBUG o.s.w.s.h.BeanNameUrlHandlerMapping - Rejected bean name 'mbeanServer': no URL paths identified
""2018-10-22 09:15:11 DEBUG o.s.w.s.h.BeanNameUrlHandlerMapping - Rejected bean name 'org.springframework.boot.autoconfigure.aop.AopAutoConfiguration$CglibAutoProxyConfiguration': no URL paths identified
""2018-10-22 09:15:11 DEBUG o.s.w.s.h.BeanNameUrlHandlerMapping - Rejected bean name 'org.springframework.boot.autoconfigure.aop.AopAutoConfiguration': no URL paths identified
""2018-10-22 09:15:11 DEBUG o.s.w.s.h.BeanNameUrlHandlerMapping - Rejected bean name 'org.springframework.boot.autoconfigure.transaction.jta.JtaAutoConfiguration': no URL paths identified
""2018-10-22 09:15:11 DEBUG o.s.w.s.h.BeanNameUrlHandlerMapping - Rejected bean name 'spring.jta-org.springframework.boot.autoconfigure.transaction.jta.JtaProperties': no URL paths identified
""2018-10-22 09:15:11 DEBUG o.s.w.s.h.BeanNameUrlHandlerMapping - Rejected bean name 'org.springframework.boot.autoconfigure.jdbc.DataSourceConfiguration$Hikari': no URL paths identified
""2018-10-22 09:15:11 DEBUG o.s.w.s.h.BeanNameUrlHandlerMapping - Rejected bean name 'dataSource': no URL paths identified
""2018-10-22 09:15:11 DEBUG o.s.w.s.h.BeanNameUrlHandlerMapping - Rejected bean name 'org.springframework.boot.autoconfigure.jdbc.DataSourceJmxConfiguration$Hikari': no URL paths identified
""2018-10-22 09:15:11 DEBUG o.s.w.s.h.BeanNameUrlHandlerMapping - Rejected bean name 'org.springframework.boot.autoconfigure.jdbc.DataSourceJmxConfiguration': no URL paths identified
""2018-10-22 09:15:11 DEBUG o.s.w.s.h.BeanNameUrlHandlerMapping - Rejected bean name 'org.springframework.boot.autoconfigure.jdbc.DataSourceAutoConfiguration$PooledDataSourceConfiguration': no URL paths identified
""2018-10-22 09:15:11 DEBUG o.s.w.s.h.BeanNameUrlHandlerMapping - Rejected bean name 'org.springframework.boot.autoconfigure.jdbc.metadata.DataSourcePoolMetadataProvidersConfiguration$HikariPoolDataSourceMetadataProviderConfiguration': no URL paths identified
""2018-10-22 09:15:11 DEBUG o.s.w.s.h.BeanNameUrlHandlerMapping - Rejected bean name 'hikariPoolDataSourceMetadataProvider': no URL paths identified
""2018-10-22 09:15:11 DEBUG o.s.w.s.h.BeanNameUrlHandlerMapping - Rejected bean name 'org.springframework.boot.autoconfigure.jdbc.metadata.DataSourcePoolMetadataProvidersConfiguration': no URL paths identified
""2018-10-22 09:15:11 DEBUG o.s.w.s.h.BeanNameUrlHandlerMapping - Rejected bean name 'org.springframework.boot.autoconfigure.jdbc.DataSourceInitializerInvoker': no URL paths identified
""2018-10-22 09:15:11 DEBUG o.s.w.s.h.BeanNameUrlHandlerMapping - Rejected bean name 'org.springframework.boot.autoconfigure.jdbc.DataSourceInitializationConfiguration': no URL paths identified
""2018-10-22 09:15:11 DEBUG o.s.w.s.h.BeanNameUrlHandlerMapping - Rejected bean name 'dataSourceInitializerPostProcessor': no URL paths identified
""2018-10-22 09:15:11 DEBUG o.s.w.s.h.BeanNameUrlHandlerMapping - Rejected bean name 'org.springframework.boot.autoconfigure.jdbc.DataSourceAutoConfiguration': no URL paths identified
""2018-10-22 09:15:11 DEBUG o.s.w.s.h.BeanNameUrlHandlerMapping - Rejected bean name 'spring.datasource-org.springframework.boot.autoconfigure.jdbc.DataSourceProperties': no URL paths identified
""2018-10-22 09:15:11 DEBUG o.s.w.s.h.BeanNameUrlHandlerMapping - Rejected bean name 'org.springframework.boot.autoconfigure.orm.jpa.JpaBaseConfiguration$JpaWebConfiguration$JpaWebMvcConfiguration': no URL paths identified
""2018-10-22 09:15:11 DEBUG o.s.w.s.h.BeanNameUrlHandlerMapping - Rejected bean name 'openEntityManagerInViewInterceptor': no URL paths identified
""2018-10-22 09:15:11 DEBUG o.s.w.s.h.BeanNameUrlHandlerMapping - Rejected bean name 'org.springframework.boot.autoconfigure.orm.jpa.JpaBaseConfiguration$JpaWebConfiguration': no URL paths identified
""2018-10-22 09:15:11 DEBUG o.s.w.s.h.BeanNameUrlHandlerMapping - Rejected bean name 'org.springframework.boot.autoconfigure.orm.jpa.HibernateJpaConfiguration': no URL paths identified
""2018-10-22 09:15:11 DEBUG o.s.w.s.h.BeanNameUrlHandlerMapping - Rejected bean name 'transactionManager': no URL paths identified
""2018-10-22 09:15:11 DEBUG o.s.w.s.h.BeanNameUrlHandlerMapping - Rejected bean name 'jpaVendorAdapter': no URL paths identified
""2018-10-22 09:15:11 DEBUG o.s.w.s.h.BeanNameUrlHandlerMapping - Rejected bean name 'entityManagerFactoryBuilder': no URL paths identified
""2018-10-22 09:15:11 DEBUG o.s.w.s.h.BeanNameUrlHandlerMapping - Rejected bean name 'entityManagerFactory': no URL paths identified
""2018-10-22 09:15:11 DEBUG o.s.w.s.h.BeanNameUrlHandlerMapping - Rejected bean name 'spring.jpa-org.springframework.boot.autoconfigure.orm.jpa.JpaProperties': no URL paths identified
""2018-10-22 09:15:11 DEBUG o.s.w.s.h.BeanNameUrlHandlerMapping - Rejected bean name 'dataSourceInitializedPublisher': no URL paths identified
""2018-10-22 09:15:11 DEBUG o.s.w.s.h.BeanNameUrlHandlerMapping - Rejected bean name 'org.springframework.boot.autoconfigure.orm.jpa.HibernateJpaAutoConfiguration': no URL paths identified
""2018-10-22 09:15:11 DEBUG o.s.w.s.h.BeanNameUrlHandlerMapping - Rejected bean name 'org.springframework.boot.autoconfigure.cassandra.CassandraAutoConfiguration': no URL paths identified
""2018-10-22 09:15:11 DEBUG o.s.w.s.h.BeanNameUrlHandlerMapping - Rejected bean name 'cassandraCluster': no URL paths identified
""2018-10-22 09:15:11 DEBUG o.s.w.s.h.BeanNameUrlHandlerMapping - Rejected bean name 'spring.data.cassandra-org.springframework.boot.autoconfigure.cassandra.CassandraProperties': no URL paths identified
""2018-10-22 09:15:11 DEBUG o.s.w.s.h.BeanNameUrlHandlerMapping - Rejected bean name 'org.springframework.boot.autoconfigure.context.ConfigurationPropertiesAutoConfiguration': no URL paths identified
""2018-10-22 09:15:11 DEBUG o.s.w.s.h.BeanNameUrlHandlerMapping - Rejected bean name 'org.springframework.boot.autoconfigure.dao.PersistenceExceptionTranslationAutoConfiguration': no URL paths identified
""2018-10-22 09:15:11 DEBUG o.s.w.s.h.BeanNameUrlHandlerMapping - Rejected bean name 'persistenceExceptionTranslationPostProcessor': no URL paths identified
""2018-10-22 09:15:11 DEBUG o.s.w.s.h.BeanNameUrlHandlerMapping - Rejected bean name 'org.springframework.boot.autoconfigure.data.cassandra.CassandraDataAutoConfiguration': no URL paths identified
""2018-10-22 09:15:11 DEBUG o.s.w.s.h.BeanNameUrlHandlerMapping - Rejected bean name 'cassandraMapping': no URL paths identified
""2018-10-22 09:15:11 DEBUG o.s.w.s.h.BeanNameUrlHandlerMapping - Rejected bean name 'cassandraConverter': no URL paths identified
""2018-10-22 09:15:11 DEBUG o.s.w.s.h.BeanNameUrlHandlerMapping - Rejected bean name 'cassandraSession': no URL paths identified
""2018-10-22 09:15:11 DEBUG o.s.w.s.h.BeanNameUrlHandlerMapping - Rejected bean name 'cassandraTemplate': no URL paths identified
""2018-10-22 09:15:11 DEBUG o.s.w.s.h.BeanNameUrlHandlerMapping - Rejected bean name 'cassandraCustomConversions': no URL paths identified
""2018-10-22 09:15:11 DEBUG o.s.w.s.h.BeanNameUrlHandlerMapping - Rejected bean name 'org.springframework.boot.autoconfigure.data.cassandra.CassandraReactiveRepositoriesAutoConfiguration': no URL paths identified
""2018-10-22 09:15:11 DEBUG o.s.w.s.h.BeanNameUrlHandlerMapping - Rejected bean name 'org.springframework.boot.autoconfigure.data.cassandra.CassandraRepositoriesAutoConfiguration': no URL paths identified
""2018-10-22 09:15:11 DEBUG o.s.w.s.h.BeanNameUrlHandlerMapping - Rejected bean name 'cassProductRepo': no URL paths identified
""2018-10-22 09:15:11 DEBUG o.s.w.s.h.BeanNameUrlHandlerMapping - Rejected bean name 'cassTimeRepo': no URL paths identified
""2018-10-22 09:15:11 DEBUG o.s.w.s.h.BeanNameUrlHandlerMapping - Rejected bean name 'cassSalesRepo': no URL paths identified
""2018-10-22 09:15:11 DEBUG o.s.w.s.h.BeanNameUrlHandlerMapping - Rejected bean name 'cassLocationRepo': no URL paths identified
""2018-10-22 09:15:11 DEBUG o.s.w.s.h.BeanNameUrlHandlerMapping - Rejected bean name 'org.springframework.boot.autoconfigure.data.jpa.JpaRepositoriesAutoConfiguration': no URL paths identified
""2018-10-22 09:15:11 DEBUG o.s.w.s.h.BeanNameUrlHandlerMapping - Rejected bean name 'emBeanDefinitionRegistrarPostProcessor': no URL paths identified
""2018-10-22 09:15:11 DEBUG o.s.w.s.h.BeanNameUrlHandlerMapping - Rejected bean name 'jpaMappingContext': no URL paths identified
""2018-10-22 09:15:11 DEBUG o.s.w.s.h.BeanNameUrlHandlerMapping - Rejected bean name 'jpaContext': no URL paths identified
""2018-10-22 09:15:11 DEBUG o.s.w.s.h.BeanNameUrlHandlerMapping - Rejected bean name 'roleRepository': no URL paths identified
""2018-10-22 09:15:11 DEBUG o.s.w.s.h.BeanNameUrlHandlerMapping - Rejected bean name 'productRepository': no URL paths identified
""2018-10-22 09:15:11 DEBUG o.s.w.s.h.BeanNameUrlHandlerMapping - Rejected bean name 'salesRepository': no URL paths identified
""2018-10-22 09:15:11 DEBUG o.s.w.s.h.BeanNameUrlHandlerMapping - Rejected bean name 'userRoleRepository': no URL paths identified
""2018-10-22 09:15:11 DEBUG o.s.w.s.h.BeanNameUrlHandlerMapping - Rejected bean name 'locationRepository': no URL paths identified
""2018-10-22 09:15:11 DEBUG o.s.w.s.h.BeanNameUrlHandlerMapping - Rejected bean name 'userRepository': no URL paths identified
""2018-10-22 09:15:12 DEBUG o.s.w.s.h.BeanNameUrlHandlerMapping - Rejected bean name 'timeRepository': no URL paths identified
""2018-10-22 09:15:12 DEBUG o.s.w.s.h.BeanNameUrlHandlerMapping - Rejected bean name 'org.springframework.boot.autoconfigure.jackson.JacksonAutoConfiguration$Jackson2ObjectMapperBuilderCustomizerConfiguration': no URL paths identified
""2018-10-22 09:15:12 DEBUG o.s.w.s.h.BeanNameUrlHandlerMapping - Rejected bean name 'standardJacksonObjectMapperBuilderCustomizer': no URL paths identified
""2018-10-22 09:15:12 DEBUG o.s.w.s.h.BeanNameUrlHandlerMapping - Rejected bean name 'spring.jackson-org.springframework.boot.autoconfigure.jackson.JacksonProperties': no URL paths identified
""2018-10-22 09:15:12 DEBUG o.s.w.s.h.BeanNameUrlHandlerMapping - Rejected bean name 'org.springframework.boot.autoconfigure.jackson.JacksonAutoConfiguration$JacksonObjectMapperBuilderConfiguration': no URL paths identified
""2018-10-22 09:15:12 DEBUG o.s.w.s.h.BeanNameUrlHandlerMapping - Rejected bean name 'jacksonObjectMapperBuilder': no URL paths identified
""2018-10-22 09:15:12 DEBUG o.s.w.s.h.BeanNameUrlHandlerMapping - Rejected bean name 'org.springframework.boot.autoconfigure.jackson.JacksonAutoConfiguration$ParameterNamesModuleConfiguration': no URL paths identified
""2018-10-22 09:15:12 DEBUG o.s.w.s.h.BeanNameUrlHandlerMapping - Rejected bean name 'parameterNamesModule': no URL paths identified
""2018-10-22 09:15:12 DEBUG o.s.w.s.h.BeanNameUrlHandlerMapping - Rejected bean name 'org.springframework.boot.autoconfigure.jackson.JacksonAutoConfiguration$JacksonObjectMapperConfiguration': no URL paths identified
""2018-10-22 09:15:12 DEBUG o.s.w.s.h.BeanNameUrlHandlerMapping - Rejected bean name 'jacksonObjectMapper': no URL paths identified
""2018-10-22 09:15:12 DEBUG o.s.w.s.h.BeanNameUrlHandlerMapping - Rejected bean name 'org.springframework.boot.autoconfigure.jackson.JacksonAutoConfiguration': no URL paths identified
""2018-10-22 09:15:12 DEBUG o.s.w.s.h.BeanNameUrlHandlerMapping - Rejected bean name 'jsonComponentModule': no URL paths identified
""2018-10-22 09:15:12 DEBUG o.s.w.s.h.BeanNameUrlHandlerMapping - Rejected bean name 'org.springframework.boot.autoconfigure.http.HttpMessageConvertersAutoConfiguration$StringHttpMessageConverterConfiguration': no URL paths identified
""2018-10-22 09:15:12 DEBUG o.s.w.s.h.BeanNameUrlHandlerMapping - Rejected bean name 'stringHttpMessageConverter': no URL paths identified
""2018-10-22 09:15:12 DEBUG o.s.w.s.h.BeanNameUrlHandlerMapping - Rejected bean name 'spring.http.encoding-org.springframework.boot.autoconfigure.http.HttpEncodingProperties': no URL paths identified
""2018-10-22 09:15:12 DEBUG o.s.w.s.h.BeanNameUrlHandlerMapping - Rejected bean name 'org.springframework.boot.autoconfigure.http.JacksonHttpMessageConvertersConfiguration$MappingJackson2XmlHttpMessageConverterConfiguration': no URL paths identified
""2018-10-22 09:15:12 DEBUG o.s.w.s.h.BeanNameUrlHandlerMapping - Rejected bean name 'mappingJackson2XmlHttpMessageConverter': no URL paths identified
""2018-10-22 09:15:12 DEBUG o.s.w.s.h.BeanNameUrlHandlerMapping - Rejected bean name 'org.springframework.boot.autoconfigure.http.JacksonHttpMessageConvertersConfiguration$MappingJackson2HttpMessageConverterConfiguration': no URL paths identified
""2018-10-22 09:15:12 DEBUG o.s.w.s.h.BeanNameUrlHandlerMapping - Rejected bean name 'mappingJackson2HttpMessageConverter': no URL paths identified
""2018-10-22 09:15:12 DEBUG o.s.w.s.h.BeanNameUrlHandlerMapping - Rejected bean name 'org.springframework.boot.autoconfigure.http.JacksonHttpMessageConvertersConfiguration': no URL paths identified
""2018-10-22 09:15:12 DEBUG o.s.w.s.h.BeanNameUrlHandlerMapping - Rejected bean name 'org.springframework.boot.autoconfigure.http.HttpMessageConvertersAutoConfiguration': no URL paths identified
""2018-10-22 09:15:12 DEBUG o.s.w.s.h.BeanNameUrlHandlerMapping - Rejected bean name 'messageConverters': no URL paths identified
""2018-10-22 09:15:12 DEBUG o.s.w.s.h.BeanNameUrlHandlerMapping - Rejected bean name 'org.springframework.data.web.config.ProjectingArgumentResolverRegistrar': no URL paths identified
""2018-10-22 09:15:12 DEBUG o.s.w.s.h.BeanNameUrlHandlerMapping - Rejected bean name 'projectingArgumentResolverBeanPostProcessor': no URL paths identified
""2018-10-22 09:15:12 DEBUG o.s.w.s.h.BeanNameUrlHandlerMapping - Rejected bean name 'org.springframework.data.web.config.SpringDataWebConfiguration': no URL paths identified
""2018-10-22 09:15:12 DEBUG o.s.w.s.h.BeanNameUrlHandlerMapping - Rejected bean name 'pageableResolver': no URL paths identified
""2018-10-22 09:15:12 DEBUG o.s.w.s.h.BeanNameUrlHandlerMapping - Rejected bean name 'sortResolver': no URL paths identified
""2018-10-22 09:15:12 DEBUG o.s.w.s.h.BeanNameUrlHandlerMapping - Rejected bean name 'org.springframework.data.web.config.SpringDataJacksonConfiguration': no URL paths identified
""2018-10-22 09:15:12 DEBUG o.s.w.s.h.BeanNameUrlHandlerMapping - Rejected bean name 'jacksonGeoModule': no URL paths identified
""2018-10-22 09:15:12 DEBUG o.s.w.s.h.BeanNameUrlHandlerMapping - Rejected bean name 'org.springframework.boot.autoconfigure.data.web.SpringDataWebAutoConfiguration': no URL paths identified
""2018-10-22 09:15:12 DEBUG o.s.w.s.h.BeanNameUrlHandlerMapping - Rejected bean name 'pageableCustomizer': no URL paths identified
""2018-10-22 09:15:12 DEBUG o.s.w.s.h.BeanNameUrlHandlerMapping - Rejected bean name 'sortCustomizer': no URL paths identified
""2018-10-22 09:15:12 DEBUG o.s.w.s.h.BeanNameUrlHandlerMapping - Rejected bean name 'spring.data.web-org.springframework.boot.autoconfigure.data.web.SpringDataWebProperties': no URL paths identified
""2018-10-22 09:15:12 DEBUG o.s.w.s.h.BeanNameUrlHandlerMapping - Rejected bean name 'org.springframework.boot.autoconfigure.http.codec.CodecsAutoConfiguration$JacksonCodecConfiguration': no URL paths identified
""2018-10-22 09:15:12 DEBUG o.s.w.s.h.BeanNameUrlHandlerMapping - Rejected bean name 'jacksonCodecCustomizer': no URL paths identified
""2018-10-22 09:15:12 DEBUG o.s.w.s.h.BeanNameUrlHandlerMapping - Rejected bean name 'org.springframework.boot.autoconfigure.http.codec.CodecsAutoConfiguration': no URL paths identified
""2018-10-22 09:15:12 DEBUG o.s.w.s.h.BeanNameUrlHandlerMapping - Rejected bean name 'org.springframework.boot.autoconfigure.info.ProjectInfoAutoConfiguration': no URL paths identified
""2018-10-22 09:15:12 DEBUG o.s.w.s.h.BeanNameUrlHandlerMapping - Rejected bean name 'spring.info-org.springframework.boot.autoconfigure.info.ProjectInfoProperties': no URL paths identified
""2018-10-22 09:15:12 DEBUG o.s.w.s.h.BeanNameUrlHandlerMapping - Rejected bean name 'org.springframework.boot.autoconfigure.jdbc.JdbcTemplateAutoConfiguration$JdbcTemplateConfiguration': no URL paths identified
""2018-10-22 09:15:12 DEBUG o.s.w.s.h.BeanNameUrlHandlerMapping - Rejected bean name 'jdbcTemplate': no URL paths identified
""2018-10-22 09:15:12 DEBUG o.s.w.s.h.BeanNameUrlHandlerMapping - Rejected bean name 'org.springframework.boot.autoconfigure.jdbc.JdbcTemplateAutoConfiguration$NamedParameterJdbcTemplateConfiguration': no URL paths identified
""2018-10-22 09:15:12 DEBUG o.s.w.s.h.BeanNameUrlHandlerMapping - Rejected bean name 'namedParameterJdbcTemplate': no URL paths identified
""2018-10-22 09:15:12 DEBUG o.s.w.s.h.BeanNameUrlHandlerMapping - Rejected bean name 'org.springframework.boot.autoconfigure.jdbc.JdbcTemplateAutoConfiguration': no URL paths identified
""2018-10-22 09:15:12 DEBUG o.s.w.s.h.BeanNameUrlHandlerMapping - Rejected bean name 'spring.jdbc-org.springframework.boot.autoconfigure.jdbc.JdbcProperties': no URL paths identified
""2018-10-22 09:15:12 DEBUG o.s.w.s.h.BeanNameUrlHandlerMapping - Rejected bean name 'org.springframework.boot.autoconfigure.security.servlet.SecurityAutoConfiguration': no URL paths identified
""2018-10-22 09:15:12 DEBUG o.s.w.s.h.BeanNameUrlHandlerMapping - Rejected bean name 'authenticationEventPublisher': no URL paths identified
""2018-10-22 09:15:12 DEBUG o.s.w.s.h.BeanNameUrlHandlerMapping - Rejected bean name 'spring.security-org.springframework.boot.autoconfigure.security.SecurityProperties': no URL paths identified
""2018-10-22 09:15:12 DEBUG o.s.w.s.h.BeanNameUrlHandlerMapping - Rejected bean name 'org.springframework.boot.autoconfigure.security.servlet.SecurityFilterAutoConfiguration': no URL paths identified
""2018-10-22 09:15:12 DEBUG o.s.w.s.h.BeanNameUrlHandlerMapping - Rejected bean name 'securityFilterChainRegistration': no URL paths identified
""2018-10-22 09:15:12 DEBUG o.s.w.s.h.BeanNameUrlHandlerMapping - Rejected bean name 'org.springframework.boot.autoconfigure.security.servlet.SecurityRequestMatcherProviderAutoConfiguration': no URL paths identified
""2018-10-22 09:15:12 DEBUG o.s.w.s.h.BeanNameUrlHandlerMapping - Rejected bean name 'requestMatcherProvider': no URL paths identified
""2018-10-22 09:15:12 DEBUG o.s.w.s.h.BeanNameUrlHandlerMapping - Rejected bean name 'org.springframework.boot.autoconfigure.thymeleaf.ThymeleafAutoConfiguration$ThymeleafJava8TimeDialect': no URL paths identified
""2018-10-22 09:15:12 DEBUG o.s.w.s.h.BeanNameUrlHandlerMapping - Rejected bean name 'java8TimeDialect': no URL paths identified
""2018-10-22 09:15:12 DEBUG o.s.w.s.h.BeanNameUrlHandlerMapping - Rejected bean name 'org.springframework.boot.autoconfigure.thymeleaf.ThymeleafAutoConfiguration$ThymeleafWebMvcConfiguration$ThymeleafViewResolverConfiguration': no URL paths identified
""2018-10-22 09:15:12 DEBUG o.s.w.s.h.BeanNameUrlHandlerMapping - Rejected bean name 'thymeleafViewResolver': no URL paths identified
""2018-10-22 09:15:12 DEBUG o.s.w.s.h.BeanNameUrlHandlerMapping - Rejected bean name 'org.springframework.boot.autoconfigure.thymeleaf.ThymeleafAutoConfiguration$ThymeleafWebMvcConfiguration': no URL paths identified
""2018-10-22 09:15:12 DEBUG o.s.w.s.h.BeanNameUrlHandlerMapping - Rejected bean name 'org.springframework.boot.autoconfigure.thymeleaf.ThymeleafAutoConfiguration$ThymeleafDefaultConfiguration': no URL paths identified
""2018-10-22 09:15:12 DEBUG o.s.w.s.h.BeanNameUrlHandlerMapping - Rejected bean name 'templateEngine': no URL paths identified
""2018-10-22 09:15:12 DEBUG o.s.w.s.h.BeanNameUrlHandlerMapping - Rejected bean name 'org.springframework.boot.autoconfigure.thymeleaf.ThymeleafAutoConfiguration$DefaultTemplateResolverConfiguration': no URL paths identified
""2018-10-22 09:15:12 DEBUG o.s.w.s.h.BeanNameUrlHandlerMapping - Rejected bean name 'defaultTemplateResolver': no URL paths identified
""2018-10-22 09:15:12 DEBUG o.s.w.s.h.BeanNameUrlHandlerMapping - Rejected bean name 'org.springframework.boot.autoconfigure.thymeleaf.ThymeleafAutoConfiguration': no URL paths identified
""2018-10-22 09:15:12 DEBUG o.s.w.s.h.BeanNameUrlHandlerMapping - Rejected bean name 'spring.thymeleaf-org.springframework.boot.autoconfigure.thymeleaf.ThymeleafProperties': no URL paths identified
""2018-10-22 09:15:12 DEBUG o.s.w.s.h.BeanNameUrlHandlerMapping - Rejected bean name 'org.springframework.boot.autoconfigure.jdbc.DataSourceTransactionManagerAutoConfiguration$DataSourceTransactionManagerConfiguration': no URL paths identified
""2018-10-22 09:15:12 DEBUG o.s.w.s.h.BeanNameUrlHandlerMapping - Rejected bean name 'org.springframework.boot.autoconfigure.jdbc.DataSourceTransactionManagerAutoConfiguration': no URL paths identified
""2018-10-22 09:15:12 DEBUG o.s.w.s.h.BeanNameUrlHandlerMapping - Rejected bean name 'org.springframework.transaction.annotation.ProxyTransactionManagementConfiguration': no URL paths identified
""2018-10-22 09:15:12 DEBUG o.s.w.s.h.BeanNameUrlHandlerMapping - Rejected bean name 'org.springframework.transaction.config.internalTransactionAdvisor': no URL paths identified
""2018-10-22 09:15:12 DEBUG o.s.w.s.h.BeanNameUrlHandlerMapping - Rejected bean name 'transactionAttributeSource': no URL paths identified
""2018-10-22 09:15:12 DEBUG o.s.w.s.h.BeanNameUrlHandlerMapping - Rejected bean name 'transactionInterceptor': no URL paths identified
""2018-10-22 09:15:12 DEBUG o.s.w.s.h.BeanNameUrlHandlerMapping - Rejected bean name 'org.springframework.transaction.config.internalTransactionalEventListenerFactory': no URL paths identified
""2018-10-22 09:15:12 DEBUG o.s.w.s.h.BeanNameUrlHandlerMapping - Rejected bean name 'org.springframework.boot.autoconfigure.transaction.TransactionAutoConfiguration$EnableTransactionManagementConfiguration$CglibAutoProxyConfiguration': no URL paths identified
""2018-10-22 09:15:12 DEBUG o.s.w.s.h.BeanNameUrlHandlerMapping - Rejected bean name 'org.springframework.boot.autoconfigure.transaction.TransactionAutoConfiguration$EnableTransactionManagementConfiguration': no URL paths identified
""2018-10-22 09:15:12 DEBUG o.s.w.s.h.BeanNameUrlHandlerMapping - Rejected bean name 'org.springframework.boot.autoconfigure.transaction.TransactionAutoConfiguration$TransactionTemplateConfiguration': no URL paths identified
""2018-10-22 09:15:12 DEBUG o.s.w.s.h.BeanNameUrlHandlerMapping - Rejected bean name 'transactionTemplate': no URL paths identified
""2018-10-22 09:15:12 DEBUG o.s.w.s.h.BeanNameUrlHandlerMapping - Rejected bean name 'org.springframework.boot.autoconfigure.transaction.TransactionAutoConfiguration': no URL paths identified
""2018-10-22 09:15:12 DEBUG o.s.w.s.h.BeanNameUrlHandlerMapping - Rejected bean name 'platformTransactionManagerCustomizers': no URL paths identified
""2018-10-22 09:15:12 DEBUG o.s.w.s.h.BeanNameUrlHandlerMapping - Rejected bean name 'spring.transaction-org.springframework.boot.autoconfigure.transaction.TransactionProperties': no URL paths identified
""2018-10-22 09:15:12 DEBUG o.s.w.s.h.BeanNameUrlHandlerMapping - Rejected bean name 'org.springframework.boot.autoconfigure.web.client.RestTemplateAutoConfiguration': no URL paths identified
""2018-10-22 09:15:12 DEBUG o.s.w.s.h.BeanNameUrlHandlerMapping - Rejected bean name 'restTemplateBuilder': no URL paths identified
""2018-10-22 09:15:12 DEBUG o.s.w.s.h.BeanNameUrlHandlerMapping - Rejected bean name 'org.springframework.boot.autoconfigure.web.embedded.EmbeddedWebServerFactoryCustomizerAutoConfiguration$TomcatWebServerFactoryCustomizerConfiguration': no URL paths identified
""2018-10-22 09:15:12 DEBUG o.s.w.s.h.BeanNameUrlHandlerMapping - Rejected bean name 'tomcatWebServerFactoryCustomizer': no URL paths identified
""2018-10-22 09:15:12 DEBUG o.s.w.s.h.BeanNameUrlHandlerMapping - Rejected bean name 'org.springframework.boot.autoconfigure.web.embedded.EmbeddedWebServerFactoryCustomizerAutoConfiguration': no URL paths identified
""2018-10-22 09:15:12 DEBUG o.s.w.s.h.BeanNameUrlHandlerMapping - Rejected bean name 'org.springframework.boot.autoconfigure.web.servlet.HttpEncodingAutoConfiguration': no URL paths identified
""2018-10-22 09:15:12 DEBUG o.s.w.s.h.BeanNameUrlHandlerMapping - Rejected bean name 'characterEncodingFilter': no URL paths identified
""2018-10-22 09:15:12 DEBUG o.s.w.s.h.BeanNameUrlHandlerMapping - Rejected bean name 'localeCharsetMappingsCustomizer': no URL paths identified
""2018-10-22 09:15:12 DEBUG o.s.w.s.h.BeanNameUrlHandlerMapping - Rejected bean name 'org.springframework.boot.autoconfigure.web.servlet.MultipartAutoConfiguration': no URL paths identified
""2018-10-22 09:15:12 DEBUG o.s.w.s.h.BeanNameUrlHandlerMapping - Rejected bean name 'multipartConfigElement': no URL paths identified
""2018-10-22 09:15:12 DEBUG o.s.w.s.h.BeanNameUrlHandlerMapping - Rejected bean name 'multipartResolver': no URL paths identified
""2018-10-22 09:15:12 DEBUG o.s.w.s.h.BeanNameUrlHandlerMapping - Rejected bean name 'spring.servlet.multipart-org.springframework.boot.autoconfigure.web.servlet.MultipartProperties': no URL paths identified
""2018-10-22 09:15:12 DEBUG o.s.w.s.h.BeanNameUrlHandlerMapping - Rejected bean name 'org.springframework.orm.jpa.SharedEntityManagerCreator#0': no URL paths identified
""2018-10-22 09:15:12 DEBUG o.s.w.s.h.BeanNameUrlHandlerMapping - Rejected bean name 'autoConfigurationReport': no URL paths identified
""2018-10-22 09:15:12 DEBUG o.s.w.s.h.BeanNameUrlHandlerMapping - Rejected bean name 'org.springframework.boot.context.ContextIdApplicationContextInitializer$ContextId': no URL paths identified
""2018-10-22 09:15:12 DEBUG o.s.w.s.h.BeanNameUrlHandlerMapping - Rejected bean name 'springApplicationArguments': no URL paths identified
""2018-10-22 09:15:12 DEBUG o.s.w.s.h.BeanNameUrlHandlerMapping - Rejected bean name 'springBootBanner': no URL paths identified
""2018-10-22 09:15:12 DEBUG o.s.w.s.h.BeanNameUrlHandlerMapping - Rejected bean name 'springBootLoggingSystem': no URL paths identified
""2018-10-22 09:15:12 DEBUG o.s.w.s.h.BeanNameUrlHandlerMapping - Rejected bean name 'environment': no URL paths identified
""2018-10-22 09:15:12 DEBUG o.s.w.s.h.BeanNameUrlHandlerMapping - Rejected bean name 'systemProperties': no URL paths identified
""2018-10-22 09:15:12 DEBUG o.s.w.s.h.BeanNameUrlHandlerMapping - Rejected bean name 'systemEnvironment': no URL paths identified
""2018-10-22 09:15:12 DEBUG o.s.w.s.h.BeanNameUrlHandlerMapping - Rejected bean name 'org.springframework.context.annotation.ConfigurationClassPostProcessor.importRegistry': no URL paths identified
""2018-10-22 09:15:12 DEBUG o.s.w.s.h.BeanNameUrlHandlerMapping - Rejected bean name 'messageSource': no URL paths identified
""2018-10-22 09:15:12 DEBUG o.s.w.s.h.BeanNameUrlHandlerMapping - Rejected bean name 'applicationEventMulticaster': no URL paths identified
""2018-10-22 09:15:12 DEBUG o.s.w.s.h.BeanNameUrlHandlerMapping - Rejected bean name 'servletContext': no URL paths identified
""2018-10-22 09:15:12 DEBUG o.s.w.s.h.BeanNameUrlHandlerMapping - Rejected bean name 'contextParameters': no URL paths identified
""2018-10-22 09:15:12 DEBUG o.s.w.s.h.BeanNameUrlHandlerMapping - Rejected bean name 'contextAttributes': no URL paths identified
""2018-10-22 09:15:12 INFO  o.s.w.s.h.SimpleUrlHandlerMapping - Mapped URL path [/webjars/**] onto handler of type [class org.springframework.web.servlet.resource.ResourceHttpRequestHandler]
""2018-10-22 09:15:12 INFO  o.s.w.s.h.SimpleUrlHandlerMapping - Mapped URL path [/**] onto handler of type [class org.springframework.web.servlet.resource.ResourceHttpRequestHandler]
""2018-10-22 09:15:12 DEBUG o.s.w.s.m.m.a.ExceptionHandlerExceptionResolver - Looking for exception mappings: org.springframework.boot.web.servlet.context.AnnotationConfigServletWebServerApplicationContext@6e171cd7: startup date [Mon Oct 22 09:14:41 ICT 2018]; root of context hierarchy
""2018-10-22 09:15:12 INFO  o.s.w.s.m.m.a.ExceptionHandlerExceptionResolver - Detected @ExceptionHandler methods in baseController
""2018-10-22 09:15:15 INFO  o.s.j.e.a.AnnotationMBeanExporter - Registering beans for JMX exposure on startup
""2018-10-22 09:15:15 INFO  o.s.j.e.a.AnnotationMBeanExporter - Bean with name 'dataSource' has been autodetected for JMX exposure
""2018-10-22 09:15:15 INFO  o.s.j.e.a.AnnotationMBeanExporter - Located MBean 'dataSource': registering with JMX server as MBean [com.zaxxer.hikari:name=dataSource,type=HikariDataSource]
""2018-10-22 09:15:15 DEBUG o.s.w.s.resource.ResourceUrlProvider - Looking for resource handler mappings
""2018-10-22 09:15:15 DEBUG o.s.w.s.resource.ResourceUrlProvider - Found resource handler mapping: URL pattern="/**/favicon.ico", locations=[class path resource [META-INF/resources/], class path resource [resources/], class path resource [static/], class path resource [public/], ServletContext resource [/], class path resource []], resolvers=[org.springframework.web.servlet.resource.PathResourceResolver@52d59507]
""2018-10-22 09:15:15 DEBUG o.s.w.s.resource.ResourceUrlProvider - Found resource handler mapping: URL pattern="/webjars/**", locations=[class path resource [META-INF/resources/webjars/]], resolvers=[org.springframework.web.servlet.resource.PathResourceResolver@4d75c604]
""2018-10-22 09:15:15 DEBUG o.s.w.s.resource.ResourceUrlProvider - Found resource handler mapping: URL pattern="/**", locations=[class path resource [META-INF/resources/], class path resource [resources/], class path resource [static/], class path resource [public/], ServletContext resource [/]], resolvers=[org.springframework.web.servlet.resource.PathResourceResolver@3265995e]
""2018-10-22 09:15:15 INFO  o.s.b.w.e.tomcat.TomcatWebServer - Tomcat started on port(s): 8080 (http) with context path ''
""2018-10-22 09:15:15 DEBUG o.s.w.c.s.StandardServletEnvironment - Adding PropertySource 'server.ports' with highest search precedence
""2018-10-22 09:15:15 INFO  tma.datraining.WebSalesApplication - Started WebSalesApplication in 35.198 seconds (JVM running for 35.989)
""2018-10-22 09:20:54 DEBUG o.s.web.servlet.DispatcherServlet - Initializing servlet 'dispatcherServlet'
""2018-10-22 09:20:54 INFO  o.a.c.c.C.[Tomcat].[localhost].[/] - Initializing Spring FrameworkServlet 'dispatcherServlet'
""2018-10-22 09:20:54 INFO  o.s.web.servlet.DispatcherServlet - FrameworkServlet 'dispatcherServlet': initialization started
""2018-10-22 09:20:54 DEBUG o.s.web.servlet.DispatcherServlet - Using MultipartResolver [org.springframework.web.multipart.support.StandardServletMultipartResolver@2e4b5da1]
""2018-10-22 09:20:54 DEBUG o.s.web.servlet.DispatcherServlet - Unable to locate LocaleResolver with name 'localeResolver': using default [org.springframework.web.servlet.i18n.AcceptHeaderLocaleResolver@20dbfcc]
""2018-10-22 09:20:54 DEBUG o.s.web.servlet.DispatcherServlet - Unable to locate ThemeResolver with name 'themeResolver': using default [org.springframework.web.servlet.theme.FixedThemeResolver@6b154f6b]
""2018-10-22 09:20:54 DEBUG o.s.web.servlet.DispatcherServlet - Unable to locate RequestToViewNameTranslator with name 'viewNameTranslator': using default [org.springframework.web.servlet.view.DefaultRequestToViewNameTranslator@257703e7]
""2018-10-22 09:20:54 DEBUG o.s.web.servlet.DispatcherServlet - Unable to locate FlashMapManager with name 'flashMapManager': using default [org.springframework.web.servlet.support.SessionFlashMapManager@5d42613b]
""2018-10-22 09:20:54 DEBUG o.s.web.servlet.DispatcherServlet - Published WebApplicationContext of servlet 'dispatcherServlet' as ServletContext attribute with name [org.springframework.web.servlet.FrameworkServlet.CONTEXT.dispatcherServlet]
""2018-10-22 09:20:54 INFO  o.s.web.servlet.DispatcherServlet - FrameworkServlet 'dispatcherServlet': initialization completed in 49 ms
""2018-10-22 09:20:54 DEBUG o.s.web.servlet.DispatcherServlet - Servlet 'dispatcherServlet' configured successfully
""2018-10-22 09:20:54 DEBUG o.s.web.servlet.DispatcherServlet - DispatcherServlet with name 'dispatcherServlet' processing GET request for [/location/list]
""2018-10-22 09:20:54 DEBUG o.s.w.s.m.m.a.RequestMappingHandlerMapping - Looking up handler method for path /location/list
""2018-10-22 09:20:54 DEBUG o.s.w.s.m.m.a.RequestMappingHandlerMapping - Returning handler method [public java.util.List<tma.datraining.dto.LocationDTO> tma.datraining.controller.LocationController.getLocations()]
""2018-10-22 09:20:54 DEBUG o.s.web.servlet.DispatcherServlet - Last-Modified value for [/location/list] is: -1
""2018-10-22 09:20:54 DEBUG t.d.controller.LocationController - Request list Location.
""2018-10-22 09:20:54 INFO  o.h.h.i.QueryTranslatorFactoryInitiator - HHH000397: Using ASTQueryTranslatorFactory
""2018-10-22 09:20:55 DEBUG t.d.controller.LocationController - Response list Location.
""2018-10-22 09:20:56 DEBUG o.s.w.s.m.m.a.RequestResponseBodyMethodProcessor - Written [[tma.datraining.dto.LocationDTO@425a6f5b, tma.datraining.dto.LocationDTO@644f77c1, tma.datraining.dto.LocationDTO@7618a2d9, tma.datraining.dto.LocationDTO@603a62f9, tma.datraining.dto.LocationDTO@718bf912, tma.datraining.dto.LocationDTO@6ee5699d, tma.datraining.dto.LocationDTO@5dd800f2, tma.datraining.dto.LocationDTO@6e468c1a, tma.datraining.dto.LocationDTO@40abbba9, tma.datraining.dto.LocationDTO@5479ba0, tma.datraining.dto.LocationDTO@1805d46a, tma.datraining.dto.LocationDTO@42f9bd2c, tma.datraining.dto.LocationDTO@5f923029, tma.datraining.dto.LocationDTO@66313ae0, tma.datraining.dto.LocationDTO@502114c8, tma.datraining.dto.LocationDTO@5fbec33d, tma.datraining.dto.LocationDTO@1163a39b, tma.datraining.dto.LocationDTO@7e6a6d6d]] as "application/xml" using [org.springframework.http.converter.xml.MappingJackson2XmlHttpMessageConverter@2d3b0978]
""2018-10-22 09:20:56 DEBUG o.s.web.servlet.DispatcherServlet - Null ModelAndView returned to DispatcherServlet with name 'dispatcherServlet': assuming HandlerAdapter completed request handling
""2018-10-22 09:20:56 DEBUG o.s.web.servlet.DispatcherServlet - Successfully completed request
""2018-10-22 09:23:10 DEBUG o.s.web.servlet.DispatcherServlet - DispatcherServlet with name 'dispatcherServlet' processing GET request for [/]
""2018-10-22 09:23:10 DEBUG o.s.w.s.m.m.a.RequestMappingHandlerMapping - Looking up handler method for path /
""2018-10-22 09:23:10 DEBUG o.s.w.s.m.m.a.RequestMappingHandlerMapping - Returning handler method [public java.lang.String tma.datraining.controller.SecurityController.welcomePage(org.springframework.ui.Model)]
""2018-10-22 09:23:10 DEBUG o.s.web.servlet.DispatcherServlet - Last-Modified value for [/] is: -1
""2018-10-22 09:23:10 DEBUG o.s.w.s.v.ContentNegotiatingViewResolver - Requested media types are [text/html, application/xhtml+xml, image/webp, image/apng, application/xml;q=0.9, */*;q=0.8] based on Accept header types and producible media types [*/*])
""2018-10-22 09:23:10 DEBUG o.s.w.s.view.BeanNameViewResolver - No matching bean found for view name 'welcomePage'
""2018-10-22 09:23:10 DEBUG o.s.w.s.v.ContentNegotiatingViewResolver - Returning [org.thymeleaf.spring5.view.ThymeleafView@39d038c9] based on requested media type 'text/html'
""2018-10-22 09:23:10 DEBUG o.s.web.servlet.DispatcherServlet - Rendering view [org.thymeleaf.spring5.view.ThymeleafView@39d038c9] in DispatcherServlet with name 'dispatcherServlet'
""2018-10-22 09:23:12 DEBUG o.s.web.servlet.DispatcherServlet - Successfully completed request
""2018-10-22 09:23:13 DEBUG o.s.web.servlet.DispatcherServlet - DispatcherServlet with name 'dispatcherServlet' processing GET request for [/login]
""2018-10-22 09:23:13 DEBUG o.s.w.s.m.m.a.RequestMappingHandlerMapping - Looking up handler method for path /login
""2018-10-22 09:23:13 DEBUG o.s.w.s.m.m.a.RequestMappingHandlerMapping - Returning handler method [public java.lang.String tma.datraining.controller.SecurityController.loginPage(org.springframework.ui.Model)]
""2018-10-22 09:23:13 DEBUG o.s.web.servlet.DispatcherServlet - Last-Modified value for [/login] is: -1
""2018-10-22 09:23:13 DEBUG o.s.w.s.v.ContentNegotiatingViewResolver - Requested media types are [text/html, application/xhtml+xml, image/webp, image/apng, application/xml;q=0.9, */*;q=0.8] based on Accept header types and producible media types [*/*])
""2018-10-22 09:23:13 DEBUG o.s.w.s.view.BeanNameViewResolver - No matching bean found for view name 'loginPage'
""2018-10-22 09:23:13 DEBUG o.s.w.s.v.ContentNegotiatingViewResolver - Returning [org.thymeleaf.spring5.view.ThymeleafView@440eb711] based on requested media type 'text/html'
""2018-10-22 09:23:13 DEBUG o.s.web.servlet.DispatcherServlet - Rendering view [org.thymeleaf.spring5.view.ThymeleafView@440eb711] in DispatcherServlet with name 'dispatcherServlet'
""2018-10-22 09:23:13 DEBUG o.s.web.servlet.DispatcherServlet - Successfully completed request
""2018-10-22 09:23:19 DEBUG o.s.web.servlet.DispatcherServlet - DispatcherServlet with name 'dispatcherServlet' processing GET request for [/admin]
""2018-10-22 09:23:19 DEBUG o.s.w.s.m.m.a.RequestMappingHandlerMapping - Looking up handler method for path /admin
""2018-10-22 09:23:19 DEBUG o.s.w.s.m.m.a.RequestMappingHandlerMapping - Returning handler method [public java.lang.String tma.datraining.controller.SecurityController.adminPage(org.springframework.ui.Model,java.security.Principal)]
""2018-10-22 09:23:19 DEBUG o.s.web.servlet.DispatcherServlet - Last-Modified value for [/admin] is: -1
""2018-10-22 09:23:19 DEBUG o.s.w.s.v.ContentNegotiatingViewResolver - Requested media types are [text/html, application/xhtml+xml, image/webp, image/apng, application/xml;q=0.9, */*;q=0.8] based on Accept header types and producible media types [*/*])
""2018-10-22 09:23:19 DEBUG o.s.w.s.view.BeanNameViewResolver - No matching bean found for view name 'adminPage'
""2018-10-22 09:23:19 DEBUG o.s.w.s.v.ContentNegotiatingViewResolver - Returning [org.thymeleaf.spring5.view.ThymeleafView@43ac6183] based on requested media type 'text/html'
""2018-10-22 09:23:19 DEBUG o.s.web.servlet.DispatcherServlet - Rendering view [org.thymeleaf.spring5.view.ThymeleafView@43ac6183] in DispatcherServlet with name 'dispatcherServlet'
""2018-10-22 09:23:19 DEBUG o.s.web.servlet.DispatcherServlet - Successfully completed request
""2018-10-22 09:23:21 DEBUG o.s.web.servlet.DispatcherServlet - DispatcherServlet with name 'dispatcherServlet' processing GET request for [/admin]
""2018-10-22 09:23:21 DEBUG o.s.w.s.m.m.a.RequestMappingHandlerMapping - Looking up handler method for path /admin
""2018-10-22 09:23:21 DEBUG o.s.w.s.m.m.a.RequestMappingHandlerMapping - Returning handler method [public java.lang.String tma.datraining.controller.SecurityController.adminPage(org.springframework.ui.Model,java.security.Principal)]
""2018-10-22 09:23:21 DEBUG o.s.web.servlet.DispatcherServlet - Last-Modified value for [/admin] is: -1
""2018-10-22 09:23:21 DEBUG o.s.w.s.v.ContentNegotiatingViewResolver - Requested media types are [text/html, application/xhtml+xml, image/webp, image/apng, application/xml;q=0.9, */*;q=0.8] based on Accept header types and producible media types [*/*])
""2018-10-22 09:23:21 DEBUG o.s.w.s.view.BeanNameViewResolver - No matching bean found for view name 'adminPage'
""2018-10-22 09:23:21 DEBUG o.s.w.s.v.ContentNegotiatingViewResolver - Returning [org.thymeleaf.spring5.view.ThymeleafView@43ac6183] based on requested media type 'text/html'
""2018-10-22 09:23:21 DEBUG o.s.web.servlet.DispatcherServlet - Rendering view [org.thymeleaf.spring5.view.ThymeleafView@43ac6183] in DispatcherServlet with name 'dispatcherServlet'
""2018-10-22 09:23:21 DEBUG o.s.web.servlet.DispatcherServlet - Successfully completed request
""2018-10-22 09:23:22 DEBUG o.s.web.servlet.DispatcherServlet - DispatcherServlet with name 'dispatcherServlet' processing GET request for [/userInfo]
""2018-10-22 09:23:22 DEBUG o.s.w.s.m.m.a.RequestMappingHandlerMapping - Looking up handler method for path /userInfo
""2018-10-22 09:23:22 DEBUG o.s.w.s.m.m.a.RequestMappingHandlerMapping - Returning handler method [public java.lang.String tma.datraining.controller.SecurityController.userInfo(org.springframework.ui.Model,java.security.Principal)]
""2018-10-22 09:23:22 DEBUG o.s.web.servlet.DispatcherServlet - Last-Modified value for [/userInfo] is: -1
""2018-10-22 09:23:22 DEBUG o.s.w.s.v.ContentNegotiatingViewResolver - Requested media types are [text/html, application/xhtml+xml, image/webp, image/apng, application/xml;q=0.9, */*;q=0.8] based on Accept header types and producible media types [*/*])
""2018-10-22 09:23:22 DEBUG o.s.w.s.view.BeanNameViewResolver - No matching bean found for view name 'userInfoPage'
""2018-10-22 09:23:22 DEBUG o.s.w.s.v.ContentNegotiatingViewResolver - Returning [org.thymeleaf.spring5.view.ThymeleafView@4d4dc093] based on requested media type 'text/html'
""2018-10-22 09:23:22 DEBUG o.s.web.servlet.DispatcherServlet - Rendering view [org.thymeleaf.spring5.view.ThymeleafView@4d4dc093] in DispatcherServlet with name 'dispatcherServlet'
""2018-10-22 09:23:22 DEBUG o.s.web.servlet.DispatcherServlet - Successfully completed request
"